\BOOKMARK [1][-]{Doc-Start}{\376\377\121\231\127\050\122\115\227\142\377\032\217\331\173\307\145\207\172\340\166\204\134\100\226\120\140\047}{}% 1
\BOOKMARK [1][-]{section.1}{\376\377\217\307\156\041\147\037\377\032\116\072\116\300\116\110\000"\116\055\225\364\217\331\153\265\215\357\000"\147\000\123\161\226\151}{}% 2
\BOOKMARK [2][-]{subsection.1.1}{\376\377\176\310\134\100\123\357\200\375\146\057\131\175\166\204}{section.1}% 3
\BOOKMARK [2][-]{subsection.1.2}{\376\377\117\106\217\307\156\041\147\037\117\032\153\173\116\272}{section.1}% 4
\BOOKMARK [2][-]{subsection.1.3}{\376\377\123\206\123\362\116\012\166\204\217\307\156\041\147\037}{section.1}% 5
\BOOKMARK [1][-]{section.2}{\376\377\137\303\164\006\136\372\213\276\377\032\217\331\146\057\116\000\122\007\166\204\122\115\143\320}{}% 6
\BOOKMARK [2][-]{subsection.2.1}{\376\377\000A\000I\121\262\121\373\166\204\137\303\164\006\176\323\147\204\377\032\116\316\230\166\134\102\124\021\116\013\170\276\123\213}{section.2}% 7
\BOOKMARK [2][-]{subsection.2.2}{\376\377\116\000\217\210\133\120\166\204\171\357\175\057\123\026\116\072\116\114\147\011\377\032\217\331\171\315\165\333\147\011\131\032\155\361}{section.2}% 8
\BOOKMARK [2][-]{subsection.2.3}{\376\377\165\067\140\047\227\142\116\064\166\204\162\171\153\212\230\316\226\151}{section.2}% 9
\BOOKMARK [2][-]{subsection.2.4}{\376\377\122\033\220\040\117\140\201\352\135\361\166\204\000"\217\320\154\024\000"\040\024\040\024\147\145\201\352\123\101\136\164\171\321\133\146\170\024\172\166\166\204\213\301\143\156}{section.2}% 10
\BOOKMARK [2][-]{subsection.2.5}{\376\377\161\046\206\121\166\204\211\343\122\126\377\032\116\000\116\052\173\200\123\125\117\106\147\011\165\050\166\204\121\154\137\017}{section.2}% 11
\BOOKMARK [3][-]{subsubsection.2.5.1}{\376\377\226\115\117\116\116\015\170\156\133\232\140\047}{subsection.2.5}% 12
\BOOKMARK [3][-]{subsubsection.2.5.2}{\376\377\226\115\117\116\221\315\211\201\140\047\040\024\040\024\217\331\116\052\146\364\147\011\230\240\211\206\140\047}{subsection.2.5}% 13
\BOOKMARK [2][-]{subsection.2.6}{\376\377\121\167\117\123\166\204\137\303\164\006\165\037\133\130\173\126\165\145}{section.2}% 14
\BOOKMARK [2][-]{subsection.2.7}{\376\377\131\202\147\234\117\140\135\362\176\317\127\050\126\360\130\203\116\055}{section.2}% 15
\BOOKMARK [2][-]{subsection.2.8}{\376\377\176\331\124\150\126\364\116\272\166\204\136\372\213\256\377\032\117\140\213\244\213\306\166\204\116\272\123\357\200\375\153\143\127\050\143\043\142\116}{section.2}% 16
\BOOKMARK [1][-]{section.3}{\376\377\213\244\156\005\163\260\133\236\377\032\116\300\116\110\127\050\215\054\120\074\377\014\116\300\116\110\127\050\123\107\120\074}{}% 17
\BOOKMARK [2][-]{subsection.3.1}{\376\377\000H\000A\000L\000O\377\032\123\116\134\024\210\127\166\204\140\120\141\114\117\341\123\367}{section.3}% 18
\BOOKMARK [2][-]{subsection.3.2}{\376\377\000S\000a\000a\000S\116\113\153\173\377\032\137\123\116\343\170\001\123\330\142\020\155\210\200\027\124\301}{section.3}% 19
\BOOKMARK [2][-]{subsection.3.3}{\376\377\133\371\117\140\116\052\116\272\166\204\177\373\213\321}{section.3}% 20
\BOOKMARK [1][-]{section.4}{\376\377\122\006\145\366\225\364\153\265\140\035\200\003\377\032\116\015\124\014\172\227\123\343\147\037\166\204\173\126\165\145\116\015\124\014}{}% 21
\BOOKMARK [2][-]{subsection.4.1}{\376\377\173\054\116\000\226\066\153\265\377\032\163\260\127\050\201\363\0002\0000\0003\0000\136\164\040\024\040\024\000"\000A\000I\130\236\137\072\116\272\174\173\000"}{section.4}% 22
\BOOKMARK [2][-]{subsection.4.2}{\376\377\173\054\116\214\226\066\153\265\377\032\0002\0000\0003\0000\040\023\0002\0000\0004\0000\136\164\040\024\040\024\000"\000A\000I\146\377\116\343\116\272\174\173\000"}{section.4}% 23
\BOOKMARK [2][-]{subsection.4.3}{\376\377\173\054\116\011\226\066\153\265\377\032\0002\0000\0004\0000\136\164\116\345\124\016\040\024\040\024\000"\124\016\116\272\174\173\145\366\116\343\000"}{section.4}% 24
\BOOKMARK [1][-]{section.5}{\376\377\224\261\377\032\116\300\116\110\146\057\167\037\153\143\166\204\133\211\121\150\215\104\116\247}{}% 25
\BOOKMARK [2][-]{subsection.5.1}{\376\377\000H\000A\000L\000O\150\106\147\266\116\013\166\204\215\104\116\247\122\006\176\247}{section.5}% 26
\BOOKMARK [2][-]{subsection.5.2}{\376\377\163\260\221\321\146\057\220\011\230\171\377\014\116\015\146\057\155\152\215\071}{section.5}% 27
\BOOKMARK [2][-]{subsection.5.3}{\376\377\121\163\116\216\000"\210\253\122\250\145\066\121\145\000"\166\204\213\332\133\236\213\335}{section.5}% 28
\BOOKMARK [1][-]{section.6}{\376\377\142\200\200\375\377\032\116\300\116\110\146\057\000"\000H\000A\000L\000O\127\213\142\200\200\375\000"}{}% 29
\BOOKMARK [2][-]{subsection.6.1}{\376\377\000H\000A\000L\000O\127\213\142\200\200\375\000\040\000v\000s\000\040\217\173\142\200\200\375}{section.6}% 30
\BOOKMARK [2][-]{subsection.6.2}{\376\377\000"\133\146\000A\000I\000"\116\015\146\057\173\124\150\110}{section.6}% 31
\BOOKMARK [2][-]{subsection.6.3}{\376\377\142\200\200\375\173\126\165\145\116\137\147\011\145\366\145\110}{section.6}% 32
\BOOKMARK [1][-]{section.7}{\376\377\116\015\124\014\116\272\177\244\166\204\167\037\133\236\131\004\130\203}{}% 33
\BOOKMARK [2][-]{subsection.7.1}{\376\377\147\011\215\104\147\054\147\011\142\200\200\375\166\204\116\272\377\010\122\115\0001\0000\000\045\377\011}{section.7}% 34
\BOOKMARK [2][-]{subsection.7.2}{\376\377\146\156\220\032\166\175\230\206\377\010\116\055\225\364\0006\0000\000\045\377\011}{section.7}% 35
\BOOKMARK [2][-]{subsection.7.3}{\376\377\117\123\122\233\122\263\122\250\200\005\124\214\117\116\145\066\121\145\177\244\117\123\377\010\124\016\0003\0000\000\045\377\011}{section.7}% 36
\BOOKMARK [1][-]{section.8}{\376\377\133\151\133\120\377\032\145\076\116\013\142\147\137\365\377\014\217\331\123\357\200\375\146\057\147\000\131\047\166\204\211\343\201\061}{}% 37
\BOOKMARK [2][-]{subsection.8.1}{\376\377\116\000\116\052\213\251\162\066\153\315\161\046\206\121\121\317\123\112\166\204\213\244\167\345}{section.8}% 38
\BOOKMARK [2][-]{subsection.8.2}{\376\377\213\345\213\251\133\151\133\120\142\345\147\011\116\300\116\110}{section.8}% 39
\BOOKMARK [2][-]{subsection.8.3}{\376\377\213\345\145\076\116\013\116\300\116\110}{section.8}% 40
\BOOKMARK [2][-]{subsection.8.4}{\376\377\143\142\116\000\116\052\211\322\136\246\140\363}{section.8}% 41
\BOOKMARK [1][-]{section.9}{\376\377\000A\000I\136\046\147\145\166\204\131\175\116\034\211\177\377\032\217\331\116\000\172\340\123\357\200\375\153\324\117\140\140\363\214\141\166\204\225\177}{}% 42
\BOOKMARK [2][-]{subsection.9.1}{\376\377\123\073\165\227\377\032\172\167\116\272\173\054\116\000\153\041\200\375\167\013\137\227\215\167\131\175\123\073\165\037}{section.9}% 43
\BOOKMARK [2][-]{subsection.9.2}{\376\377\145\340\226\234\170\215\377\032\153\213\226\234\116\272\130\353\124\214\200\001\136\164\116\272\166\204\116\026\165\114\153\143\127\050\142\123\137\000}{section.9}% 44
\BOOKMARK [2][-]{subsection.9.3}{\376\377\145\131\200\262\377\032\147\011\123\362\116\345\147\145\147\000\131\175\166\204\133\266\145\131\377\014\121\115\215\071}{section.9}% 45
\BOOKMARK [2][-]{subsection.9.4}{\376\377\116\000\116\052\116\272\134\061\146\057\116\000\145\057\121\233\226\037\377\032\122\033\116\032\124\214\122\033\220\040\166\204\225\350\151\333\137\122\226\366}{section.9}% 46
\BOOKMARK [2][-]{subsection.9.5}{\376\377\145\345\136\070\165\037\155\073\166\204\145\071\125\204\377\032\220\243\116\233\116\015\215\167\167\074\117\106\167\037\133\236\166\204\131\175\131\004}{section.9}% 47
\BOOKMARK [2][-]{subsection.9.6}{\376\377\145\071\123\330\211\302\137\365\377\032\116\316\132\001\200\301\122\060\135\345\121\167}{section.9}% 48
\BOOKMARK [2][-]{subsection.9.7}{\376\377\000"\144\221\217\307\123\273\134\061\147\011\131\175\145\345\133\120\000"\040\024\040\024\217\331\116\052\123\331\116\213\166\204\122\233\221\317}{section.9}% 49
\BOOKMARK [1][-]{section.10}{\376\377\120\145\136\267\377\032\155\073\122\060\0002\0000\0003\0005\136\164\123\357\200\375\146\057\117\140\147\000\131\175\166\204\142\225\215\104}{}% 50
\BOOKMARK [1][-]{section.11}{\376\377\176\331\173\241\164\006\200\005\124\214\121\263\173\126\200\005}{}% 51
\BOOKMARK [1][-]{section.12}{\376\377\176\323\213\355\377\032\172\177\215\212\146\264\230\316\226\350}{}% 52
