This is XeTeX, Version 3.141592653-2.6-0.999998 (TeX Live 2026) (preloaded format=xelatex 2026.3.27)  29 MAR 2026 15:23
entering extended mode
 restricted \write18 enabled.
 %&-line parsing enabled.
**article-en.tex
(./article-en.tex
LaTeX2e <2025-11-01>
L3 programming layer <2026-01-19>
(/usr/local/texlive/2026/texmf-dist/tex/latex/base/article.cls
Document Class: article 2025/01/22 v1.4n Standard LaTeX document class
(/usr/local/texlive/2026/texmf-dist/tex/latex/base/size12.clo
File: size12.clo 2025/01/22 v1.4n Standard LaTeX file (size option)
)
\c@part=\count271
\c@section=\count272
\c@subsection=\count273
\c@subsubsection=\count274
\c@paragraph=\count275
\c@subparagraph=\count276
\c@figure=\count277
\c@table=\count278
\abovecaptionskip=\skip49
\belowcaptionskip=\skip50
\bibindent=\dimen148
)
(/usr/local/texlive/2026/texmf-dist/tex/latex/fontspec/fontspec.sty
(/usr/local/texlive/2026/texmf-dist/tex/latex/l3packages/xparse/xparse.sty
(/usr/local/texlive/2026/texmf-dist/tex/latex/l3kernel/expl3.sty
Package: expl3 2026-01-19 L3 programming layer (loader) 

(/usr/local/texlive/2026/texmf-dist/tex/latex/l3backend/l3backend-xetex.def
File: l3backend-xetex.def 2025-10-09 L3 backend support: XeTeX
\g__graphics_track_int=\count279
\g__pdfannot_backend_int=\count280
\g__pdfannot_backend_link_int=\count281
))
Package: xparse 2025-10-09 L3 Experimental document command parser
)
Package: fontspec 2025/09/29 v2.9g Font selection for XeLaTeX and LuaLaTeX

(/usr/local/texlive/2026/texmf-dist/tex/latex/fontspec/fontspec-xetex.sty
Package: fontspec-xetex 2025/09/29 v2.9g Font selection for XeLaTeX and LuaLaTe
X
\l__fontspec_script_int=\count282
\l__fontspec_language_int=\count283
\l__fontspec_strnum_int=\count284
\l__fontspec_tmp_int=\count285
\l__fontspec_tmpa_int=\count286
\l__fontspec_tmpb_int=\count287
\l__fontspec_tmpc_int=\count288
\l__fontspec_em_int=\count289
\l__fontspec_emdef_int=\count290
\l__fontspec_strong_int=\count291
\l__fontspec_strongdef_int=\count292
\l__fontspec_tmpa_dim=\dimen149
\l__fontspec_tmpb_dim=\dimen150
\l__fontspec_tmpc_dim=\dimen151

(/usr/local/texlive/2026/texmf-dist/tex/latex/base/fontenc.sty
Package: fontenc 2025/07/18 v2.1d Standard LaTeX package
)
(/usr/local/texlive/2026/texmf-dist/tex/latex/fontspec/fontspec.cfg)))
(/usr/local/texlive/2026/texmf-dist/tex/latex/geometry/geometry.sty
Package: geometry 2026/03/07 v6.0 Page Geometry

(/usr/local/texlive/2026/texmf-dist/tex/latex/graphics/keyval.sty
Package: keyval 2022/05/29 v1.15 key=value parser (DPC)
\KV@toks@=\toks17
)
(/usr/local/texlive/2026/texmf-dist/tex/generic/iftex/ifvtex.sty
Package: ifvtex 2019/10/25 v1.7 ifvtex legacy package. Use iftex instead.

(/usr/local/texlive/2026/texmf-dist/tex/generic/iftex/iftex.sty
Package: iftex 2024/12/12 v1.0g TeX engine tests
))
\Gm@cnth=\count293
\Gm@cntv=\count294
\c@Gm@tempcnt=\count295
\Gm@bindingoffset=\dimen152
\Gm@wd@mp=\dimen153
\Gm@odd@mp=\dimen154
\Gm@even@mp=\dimen155
\Gm@layoutwidth=\dimen156
\Gm@layoutheight=\dimen157
\Gm@layouthoffset=\dimen158
\Gm@layoutvoffset=\dimen159
\Gm@dimlist=\toks18
)
(/usr/local/texlive/2026/texmf-dist/tex/latex/xcolor/xcolor.sty
Package: xcolor 2024/09/29 v3.02 LaTeX color extensions (UK)

(/usr/local/texlive/2026/texmf-dist/tex/latex/graphics-cfg/color.cfg
File: color.cfg 2016/01/02 v1.6 sample color configuration
)
Package xcolor Info: Driver file: xetex.def on input line 274.

(/usr/local/texlive/2026/texmf-dist/tex/latex/graphics-def/xetex.def
File: xetex.def 2025/11/01 v5.0p Graphics/color driver for xetex
)
(/usr/local/texlive/2026/texmf-dist/tex/latex/graphics/mathcolor.ltx)
Package xcolor Info: Model `cmy' substituted by `cmy0' on input line 1349.
Package xcolor Info: Model `RGB' extended on input line 1365.
Package xcolor Info: Model `HTML' substituted by `rgb' on input line 1367.
Package xcolor Info: Model `Hsb' substituted by `hsb' on input line 1368.
Package xcolor Info: Model `tHsb' substituted by `hsb' on input line 1369.
Package xcolor Info: Model `HSB' substituted by `hsb' on input line 1370.
Package xcolor Info: Model `Gray' substituted by `gray' on input line 1371.
Package xcolor Info: Model `wave' substituted by `hsb' on input line 1372.
)
(/usr/local/texlive/2026/texmf-dist/tex/latex/graphics/dvipsnam.def
File: dvipsnam.def 2016/06/17 v3.0m Driver-dependent file (DPC,SPQR)
)
(/usr/local/texlive/2026/texmf-dist/tex/latex/hyperref/hyperref.sty
Package: hyperref 2026-01-29 v7.01p Hypertext links for LaTeX

(/usr/local/texlive/2026/texmf-dist/tex/latex/kvsetkeys/kvsetkeys.sty
Package: kvsetkeys 2022-10-05 v1.19 Key value parser (HO)
)
(/usr/local/texlive/2026/texmf-dist/tex/generic/kvdefinekeys/kvdefinekeys.sty
Package: kvdefinekeys 2019-12-19 v1.6 Define keys (HO)
)
(/usr/local/texlive/2026/texmf-dist/tex/generic/pdfescape/pdfescape.sty
Package: pdfescape 2019/12/09 v1.15 Implements pdfTeX's escape features (HO)

(/usr/local/texlive/2026/texmf-dist/tex/generic/ltxcmds/ltxcmds.sty
Package: ltxcmds 2023-12-04 v1.26 LaTeX kernel commands for general use (HO)
)
(/usr/local/texlive/2026/texmf-dist/tex/generic/pdftexcmds/pdftexcmds.sty
Package: pdftexcmds 2020-06-27 v0.33 Utility functions of pdfTeX for LuaTeX (HO
)

(/usr/local/texlive/2026/texmf-dist/tex/generic/infwarerr/infwarerr.sty
Package: infwarerr 2019/12/03 v1.5 Providing info/warning/error messages (HO)
)
Package pdftexcmds Info: \pdf@primitive is available.
Package pdftexcmds Info: \pdf@ifprimitive is available.
Package pdftexcmds Info: \pdfdraftmode not found.
))
(/usr/local/texlive/2026/texmf-dist/tex/latex/hycolor/hycolor.sty
Package: hycolor 2020-01-27 v1.10 Color options for hyperref/bookmark (HO)
)
(/usr/local/texlive/2026/texmf-dist/tex/latex/hyperref/nameref.sty
Package: nameref 2026-01-29 v2.58 Cross-referencing by name of section

(/usr/local/texlive/2026/texmf-dist/tex/latex/refcount/refcount.sty
Package: refcount 2019/12/15 v3.6 Data extraction from label references (HO)
)
(/usr/local/texlive/2026/texmf-dist/tex/generic/gettitlestring/gettitlestring.s
ty
Package: gettitlestring 2019/12/15 v1.6 Cleanup title references (HO)
 (/usr/local/texlive/2026/texmf-dist/tex/latex/kvoptions/kvoptions.sty
Package: kvoptions 2022-06-15 v3.15 Key value format for package options (HO)
))
\c@section@level=\count296
)
(/usr/local/texlive/2026/texmf-dist/tex/latex/etoolbox/etoolbox.sty
Package: etoolbox 2025/10/02 v2.5m e-TeX tools for LaTeX (JAW)
\etb@tempcnta=\count297
)
(/usr/local/texlive/2026/texmf-dist/tex/generic/stringenc/stringenc.sty
Package: stringenc 2019/11/29 v1.12 Convert strings between diff. encodings (HO
)
)
\@linkdim=\dimen160
\Hy@linkcounter=\count298
\Hy@pagecounter=\count299

(/usr/local/texlive/2026/texmf-dist/tex/latex/hyperref/pd1enc.def
File: pd1enc.def 2026-01-29 v7.01p Hyperref: PDFDocEncoding definition (HO)
)
(/usr/local/texlive/2026/texmf-dist/tex/generic/intcalc/intcalc.sty
Package: intcalc 2019/12/15 v1.3 Expandable calculations with integers (HO)
)
\Hy@SavedSpaceFactor=\count300

(/usr/local/texlive/2026/texmf-dist/tex/latex/hyperref/puenc.def
File: puenc.def 2026-01-29 v7.01p Hyperref: PDF Unicode definition (HO)
)
Package hyperref Info: Option `colorlinks' set `true' on input line 4072.
Package hyperref Info: Hyper figures OFF on input line 4201.
Package hyperref Info: Link nesting OFF on input line 4206.
Package hyperref Info: Hyper index ON on input line 4209.
Package hyperref Info: Plain pages OFF on input line 4216.
Package hyperref Info: Backreferencing OFF on input line 4221.
Package hyperref Info: Implicit mode ON; LaTeX internals redefined.
Package hyperref Info: Bookmarks ON on input line 4468.
\c@Hy@tempcnt=\count301

(/usr/local/texlive/2026/texmf-dist/tex/latex/url/url.sty
\Urlmuskip=\muskip17
Package: url 2013/09/16  ver 3.4  Verb mode for urls, etc.
)
LaTeX Info: Redefining \url on input line 4807.
\XeTeXLinkMargin=\dimen161

(/usr/local/texlive/2026/texmf-dist/tex/generic/bitset/bitset.sty
Package: bitset 2019/12/09 v1.3 Handle bit-vector datatype (HO)

(/usr/local/texlive/2026/texmf-dist/tex/generic/bigintcalc/bigintcalc.sty
Package: bigintcalc 2019/12/15 v1.5 Expandable calculations on big integers (HO
)
))
\Fld@menulength=\count302
\Field@Width=\dimen162
\Fld@charsize=\dimen163
Package hyperref Info: Hyper figures OFF on input line 6084.
Package hyperref Info: Link nesting OFF on input line 6089.
Package hyperref Info: Hyper index ON on input line 6092.
Package hyperref Info: backreferencing OFF on input line 6099.
Package hyperref Info: Link coloring ON on input line 6102.
Package hyperref Info: Link coloring with OCG OFF on input line 6109.
Package hyperref Info: PDF/A mode OFF on input line 6114.
\Hy@abspage=\count303
\c@Item=\count304
\c@Hfootnote=\count305
)
Package hyperref Info: Driver (autodetected): hxetex.

(/usr/local/texlive/2026/texmf-dist/tex/latex/hyperref/hxetex.def
File: hxetex.def 2026-01-29 v7.01p Hyperref driver for XeTeX
\pdfm@box=\box53
\c@Hy@AnnotLevel=\count306
\HyField@AnnotCount=\count307
\Fld@listcount=\count308
\c@bookmark@seq@number=\count309

(/usr/local/texlive/2026/texmf-dist/tex/latex/rerunfilecheck/rerunfilecheck.sty
Package: rerunfilecheck 2025-06-21 v1.11 Rerun checks for auxiliary files (HO)

(/usr/local/texlive/2026/texmf-dist/tex/generic/uniquecounter/uniquecounter.sty
Package: uniquecounter 2019/12/15 v1.4 Provide unlimited unique counter (HO)
)
Package uniquecounter Info: New unique counter `rerunfilecheck' on input line 2
84.
)
\Hy@SectionHShift=\skip51
) (/usr/local/texlive/2026/texmf-dist/tex/latex/fancyhdr/fancyhdr.sty
Package: fancyhdr 2025/02/07 v5.2 Extensive control of page headers and footers

\f@nch@headwidth=\skip52
\f@nch@offset@elh=\skip53
\f@nch@offset@erh=\skip54
\f@nch@offset@olh=\skip55
\f@nch@offset@orh=\skip56
\f@nch@offset@elf=\skip57
\f@nch@offset@erf=\skip58
\f@nch@offset@olf=\skip59
\f@nch@offset@orf=\skip60
\f@nch@height=\skip61
\f@nch@footalignment=\skip62
\f@nch@widthL=\skip63
\f@nch@widthC=\skip64
\f@nch@widthR=\skip65
\@temptokenb=\toks19
)
(/usr/local/texlive/2026/texmf-dist/tex/latex/titlesec/titlesec.sty
Package: titlesec 2025/01/04 v2.17 Sectioning titles
\ttl@box=\box54
\beforetitleunit=\skip66
\aftertitleunit=\skip67
\ttl@plus=\dimen164
\ttl@minus=\dimen165
\ttl@toksa=\toks20
\titlewidth=\dimen166
\titlewidthlast=\dimen167
\titlewidthfirst=\dimen168
)
(/usr/local/texlive/2026/texmf-dist/tex/latex/booktabs/booktabs.sty
Package: booktabs 2020/01/12 v1.61803398 Publication quality tables
\heavyrulewidth=\dimen169
\lightrulewidth=\dimen170
\cmidrulewidth=\dimen171
\belowrulesep=\dimen172
\belowbottomsep=\dimen173
\aboverulesep=\dimen174
\abovetopsep=\dimen175
\cmidrulesep=\dimen176
\cmidrulekern=\dimen177
\defaultaddspace=\dimen178
\@cmidla=\count310
\@cmidlb=\count311
\@aboverulesep=\dimen179
\@belowrulesep=\dimen180
\@thisruleclass=\count312
\@lastruleclass=\count313
\@thisrulewidth=\dimen181
)
(/usr/local/texlive/2026/texmf-dist/tex/latex/tools/longtable.sty
Package: longtable 2025-10-13 v4.24 Multi-page Table package (DPC)
\LTleft=\skip68
\LTright=\skip69
\LTpre=\skip70
\LTpost=\skip71
\LTchunksize=\count314
\LTcapwidth=\dimen182
\LT@head=\box55
\LT@firsthead=\box56
\LT@foot=\box57
\LT@lastfoot=\box58
\LT@gbox=\box59
\LT@cols=\count315
\LT@rows=\count316
\c@LT@tables=\count317
\c@LT@chunks=\count318
\LT@p@ftn=\toks21
)
(/usr/local/texlive/2026/texmf-dist/tex/latex/setspace/setspace.sty
Package: setspace 2022/12/04 v6.7b set line spacing
)
(/usr/local/texlive/2026/texmf-dist/tex/latex/float/float.sty
Package: float 2001/11/08 v1.3d Float enhancements (AL)
\c@float@type=\count319
\float@exts=\toks22
\float@box=\box60
\@float@everytoks=\toks23
\@floatcapt=\box61
)
(/usr/local/texlive/2026/texmf-dist/tex/latex/enumitem/enumitem.sty
Package: enumitem 2025/02/06 v3.11 Customized lists
\labelindent=\skip72
\enit@outerparindent=\dimen183
\enit@toks=\toks24
\enit@inbox=\box62
\enit@count@id=\count320
\enitdp@description=\count321
)
(/usr/local/texlive/2026/texmf-dist/tex/latex/graphics/graphicx.sty
Package: graphicx 2024/12/31 v1.2e Enhanced LaTeX Graphics (DPC,SPQR)

(/usr/local/texlive/2026/texmf-dist/tex/latex/graphics/graphics.sty
Package: graphics 2024/08/06 v1.4g Standard LaTeX Graphics (DPC,SPQR)

(/usr/local/texlive/2026/texmf-dist/tex/latex/graphics/trig.sty
Package: trig 2023/12/02 v1.11 sin cos tan (DPC)
)
(/usr/local/texlive/2026/texmf-dist/tex/latex/graphics-cfg/graphics.cfg
File: graphics.cfg 2016/06/04 v1.11 sample graphics configuration
)
Package graphics Info: Driver file: xetex.def on input line 106.
)
\Gin@req@height=\dimen184
\Gin@req@width=\dimen185
)
(/usr/local/texlive/2026/texmf-dist/tex/latex/pgf/frontendlayer/tikz.sty
(/usr/local/texlive/2026/texmf-dist/tex/latex/pgf/basiclayer/pgf.sty
(/usr/local/texlive/2026/texmf-dist/tex/latex/pgf/utilities/pgfrcs.sty
(/usr/local/texlive/2026/texmf-dist/tex/generic/pgf/utilities/pgfutil-common.te
x
\pgfutil@everybye=\toks25
\pgfutil@tempdima=\dimen186
\pgfutil@tempdimb=\dimen187
)
(/usr/local/texlive/2026/texmf-dist/tex/generic/pgf/utilities/pgfutil-latex.def
\pgfutil@abb=\box63
) (/usr/local/texlive/2026/texmf-dist/tex/generic/pgf/utilities/pgfrcs.code.tex
(/usr/local/texlive/2026/texmf-dist/tex/generic/pgf/pgf.revision.tex)
Package: pgfrcs 2025-08-29 v3.1.11a (3.1.11a)
))
Package: pgf 2025-08-29 v3.1.11a (3.1.11a)

(/usr/local/texlive/2026/texmf-dist/tex/latex/pgf/basiclayer/pgfcore.sty
(/usr/local/texlive/2026/texmf-dist/tex/latex/pgf/systemlayer/pgfsys.sty
(/usr/local/texlive/2026/texmf-dist/tex/generic/pgf/systemlayer/pgfsys.code.tex
Package: pgfsys 2025-08-29 v3.1.11a (3.1.11a)
(/usr/local/texlive/2026/texmf-dist/tex/generic/pgf/utilities/pgfkeys.code.tex
\pgfkeys@pathtoks=\toks26
\pgfkeys@temptoks=\toks27

(/usr/local/texlive/2026/texmf-dist/tex/generic/pgf/utilities/pgfkeyslibraryfil
tered.code.tex
\pgfkeys@tmptoks=\toks28
))
\pgf@x=\dimen188
\pgf@y=\dimen189
\pgf@xa=\dimen190
\pgf@ya=\dimen191
\pgf@xb=\dimen192
\pgf@yb=\dimen193
\pgf@xc=\dimen194
\pgf@yc=\dimen195
\pgf@xd=\dimen196
\pgf@yd=\dimen197
\w@pgf@writea=\write3
\r@pgf@reada=\read2
\c@pgf@counta=\count322
\c@pgf@countb=\count323
\c@pgf@countc=\count324
\c@pgf@countd=\count325
\t@pgf@toka=\toks29
\t@pgf@tokb=\toks30
\t@pgf@tokc=\toks31
\pgf@sys@id@count=\count326

(/usr/local/texlive/2026/texmf-dist/tex/generic/pgf/systemlayer/pgf.cfg
File: pgf.cfg 2025-08-29 v3.1.11a (3.1.11a)
)
Driver file for pgf: pgfsys-xetex.def

(/usr/local/texlive/2026/texmf-dist/tex/generic/pgf/systemlayer/pgfsys-xetex.de
f
File: pgfsys-xetex.def 2025-08-29 v3.1.11a (3.1.11a)

(/usr/local/texlive/2026/texmf-dist/tex/generic/pgf/systemlayer/pgfsys-dvipdfmx
.def
File: pgfsys-dvipdfmx.def 2025-08-29 v3.1.11a (3.1.11a)

(/usr/local/texlive/2026/texmf-dist/tex/generic/pgf/systemlayer/pgfsys-common-p
df.def
File: pgfsys-common-pdf.def 2025-08-29 v3.1.11a (3.1.11a)
)
\pgfsys@objnum=\count327
)))
(/usr/local/texlive/2026/texmf-dist/tex/generic/pgf/systemlayer/pgfsyssoftpath.
code.tex
File: pgfsyssoftpath.code.tex 2025-08-29 v3.1.11a (3.1.11a)
\pgfsyssoftpath@smallbuffer@items=\count328
\pgfsyssoftpath@bigbuffer@items=\count329
)
(/usr/local/texlive/2026/texmf-dist/tex/generic/pgf/systemlayer/pgfsysprotocol.
code.tex
File: pgfsysprotocol.code.tex 2025-08-29 v3.1.11a (3.1.11a)
))
(/usr/local/texlive/2026/texmf-dist/tex/generic/pgf/basiclayer/pgfcore.code.tex
Package: pgfcore 2025-08-29 v3.1.11a (3.1.11a)
(/usr/local/texlive/2026/texmf-dist/tex/generic/pgf/math/pgfmath.code.tex
(/usr/local/texlive/2026/texmf-dist/tex/generic/pgf/math/pgfmathutil.code.tex)
(/usr/local/texlive/2026/texmf-dist/tex/generic/pgf/math/pgfmathparser.code.tex
\pgfmath@dimen=\dimen198
\pgfmath@count=\count330
\pgfmath@box=\box64
\pgfmath@toks=\toks32
\pgfmath@stack@operand=\toks33
\pgfmath@stack@operation=\toks34
)
(/usr/local/texlive/2026/texmf-dist/tex/generic/pgf/math/pgfmathfunctions.code.
tex)
(/usr/local/texlive/2026/texmf-dist/tex/generic/pgf/math/pgfmathfunctions.basic
.code.tex)
(/usr/local/texlive/2026/texmf-dist/tex/generic/pgf/math/pgfmathfunctions.trigo
nometric.code.tex)
(/usr/local/texlive/2026/texmf-dist/tex/generic/pgf/math/pgfmathfunctions.rando
m.code.tex)
(/usr/local/texlive/2026/texmf-dist/tex/generic/pgf/math/pgfmathfunctions.compa
rison.code.tex)
(/usr/local/texlive/2026/texmf-dist/tex/generic/pgf/math/pgfmathfunctions.base.
code.tex)
(/usr/local/texlive/2026/texmf-dist/tex/generic/pgf/math/pgfmathfunctions.round
.code.tex)
(/usr/local/texlive/2026/texmf-dist/tex/generic/pgf/math/pgfmathfunctions.misc.
code.tex)
(/usr/local/texlive/2026/texmf-dist/tex/generic/pgf/math/pgfmathfunctions.integ
erarithmetics.code.tex)
(/usr/local/texlive/2026/texmf-dist/tex/generic/pgf/math/pgfmathcalc.code.tex)
(/usr/local/texlive/2026/texmf-dist/tex/generic/pgf/math/pgfmathfloat.code.tex
\c@pgfmathroundto@lastzeros=\count331
)) (/usr/local/texlive/2026/texmf-dist/tex/generic/pgf/math/pgfint.code.tex)
(/usr/local/texlive/2026/texmf-dist/tex/generic/pgf/basiclayer/pgfcorepoints.co
de.tex
File: pgfcorepoints.code.tex 2025-08-29 v3.1.11a (3.1.11a)
\pgf@picminx=\dimen199
\pgf@picmaxx=\dimen256
\pgf@picminy=\dimen257
\pgf@picmaxy=\dimen258
\pgf@pathminx=\dimen259
\pgf@pathmaxx=\dimen260
\pgf@pathminy=\dimen261
\pgf@pathmaxy=\dimen262
\pgf@xx=\dimen263
\pgf@xy=\dimen264
\pgf@yx=\dimen265
\pgf@yy=\dimen266
\pgf@zx=\dimen267
\pgf@zy=\dimen268
)
(/usr/local/texlive/2026/texmf-dist/tex/generic/pgf/basiclayer/pgfcorepathconst
ruct.code.tex
File: pgfcorepathconstruct.code.tex 2025-08-29 v3.1.11a (3.1.11a)
\pgf@path@lastx=\dimen269
\pgf@path@lasty=\dimen270
)
(/usr/local/texlive/2026/texmf-dist/tex/generic/pgf/basiclayer/pgfcorepathusage
.code.tex
File: pgfcorepathusage.code.tex 2025-08-29 v3.1.11a (3.1.11a)
\pgf@shorten@end@additional=\dimen271
\pgf@shorten@start@additional=\dimen272
)
(/usr/local/texlive/2026/texmf-dist/tex/generic/pgf/basiclayer/pgfcorescopes.co
de.tex
File: pgfcorescopes.code.tex 2025-08-29 v3.1.11a (3.1.11a)
\pgfpic=\box65
\pgf@hbox=\box66
\pgf@layerbox@main=\box67
\pgf@picture@serial@count=\count332
)
(/usr/local/texlive/2026/texmf-dist/tex/generic/pgf/basiclayer/pgfcoregraphicst
ate.code.tex
File: pgfcoregraphicstate.code.tex 2025-08-29 v3.1.11a (3.1.11a)
\pgflinewidth=\dimen273
)
(/usr/local/texlive/2026/texmf-dist/tex/generic/pgf/basiclayer/pgfcoretransform
ations.code.tex
File: pgfcoretransformations.code.tex 2025-08-29 v3.1.11a (3.1.11a)
\pgf@pt@x=\dimen274
\pgf@pt@y=\dimen275
\pgf@pt@temp=\dimen276
)
(/usr/local/texlive/2026/texmf-dist/tex/generic/pgf/basiclayer/pgfcorequick.cod
e.tex
File: pgfcorequick.code.tex 2025-08-29 v3.1.11a (3.1.11a)
)
(/usr/local/texlive/2026/texmf-dist/tex/generic/pgf/basiclayer/pgfcoreobjects.c
ode.tex
File: pgfcoreobjects.code.tex 2025-08-29 v3.1.11a (3.1.11a)
)
(/usr/local/texlive/2026/texmf-dist/tex/generic/pgf/basiclayer/pgfcorepathproce
ssing.code.tex
File: pgfcorepathprocessing.code.tex 2025-08-29 v3.1.11a (3.1.11a)
)
(/usr/local/texlive/2026/texmf-dist/tex/generic/pgf/basiclayer/pgfcorearrows.co
de.tex
File: pgfcorearrows.code.tex 2025-08-29 v3.1.11a (3.1.11a)
\pgfarrowsep=\dimen277
)
(/usr/local/texlive/2026/texmf-dist/tex/generic/pgf/basiclayer/pgfcoreshade.cod
e.tex
File: pgfcoreshade.code.tex 2025-08-29 v3.1.11a (3.1.11a)
\pgf@max=\dimen278
\pgf@sys@shading@range@num=\count333
\pgf@shadingcount=\count334
)
(/usr/local/texlive/2026/texmf-dist/tex/generic/pgf/basiclayer/pgfcoreimage.cod
e.tex
File: pgfcoreimage.code.tex 2025-08-29 v3.1.11a (3.1.11a)
)
(/usr/local/texlive/2026/texmf-dist/tex/generic/pgf/basiclayer/pgfcoreexternal.
code.tex
File: pgfcoreexternal.code.tex 2025-08-29 v3.1.11a (3.1.11a)
\pgfexternal@startupbox=\box68
)
(/usr/local/texlive/2026/texmf-dist/tex/generic/pgf/basiclayer/pgfcorelayers.co
de.tex
File: pgfcorelayers.code.tex 2025-08-29 v3.1.11a (3.1.11a)
)
(/usr/local/texlive/2026/texmf-dist/tex/generic/pgf/basiclayer/pgfcoretranspare
ncy.code.tex
File: pgfcoretransparency.code.tex 2025-08-29 v3.1.11a (3.1.11a)
)
(/usr/local/texlive/2026/texmf-dist/tex/generic/pgf/basiclayer/pgfcorepatterns.
code.tex
File: pgfcorepatterns.code.tex 2025-08-29 v3.1.11a (3.1.11a)
)
(/usr/local/texlive/2026/texmf-dist/tex/generic/pgf/basiclayer/pgfcorerdf.code.
tex
File: pgfcorerdf.code.tex 2025-08-29 v3.1.11a (3.1.11a)
)))
(/usr/local/texlive/2026/texmf-dist/tex/generic/pgf/modules/pgfmoduleshapes.cod
e.tex
File: pgfmoduleshapes.code.tex 2025-08-29 v3.1.11a (3.1.11a)
\pgfnodeparttextbox=\box69
)
(/usr/local/texlive/2026/texmf-dist/tex/generic/pgf/modules/pgfmoduleplot.code.
tex
File: pgfmoduleplot.code.tex 2025-08-29 v3.1.11a (3.1.11a)
)
(/usr/local/texlive/2026/texmf-dist/tex/latex/pgf/compatibility/pgfcomp-version
-0-65.sty
Package: pgfcomp-version-0-65 2025-08-29 v3.1.11a (3.1.11a)
\pgf@nodesepstart=\dimen279
\pgf@nodesepend=\dimen280
)
(/usr/local/texlive/2026/texmf-dist/tex/latex/pgf/compatibility/pgfcomp-version
-1-18.sty
Package: pgfcomp-version-1-18 2025-08-29 v3.1.11a (3.1.11a)
))
(/usr/local/texlive/2026/texmf-dist/tex/latex/pgf/utilities/pgffor.sty
(/usr/local/texlive/2026/texmf-dist/tex/latex/pgf/utilities/pgfkeys.sty
(/usr/local/texlive/2026/texmf-dist/tex/generic/pgf/utilities/pgfkeys.code.tex)
) (/usr/local/texlive/2026/texmf-dist/tex/latex/pgf/math/pgfmath.sty
(/usr/local/texlive/2026/texmf-dist/tex/generic/pgf/math/pgfmath.code.tex))
(/usr/local/texlive/2026/texmf-dist/tex/generic/pgf/utilities/pgffor.code.tex
Package: pgffor 2025-08-29 v3.1.11a (3.1.11a)
\pgffor@iter=\dimen281
\pgffor@skip=\dimen282
\pgffor@stack=\toks35
\pgffor@toks=\toks36
))
(/usr/local/texlive/2026/texmf-dist/tex/generic/pgf/frontendlayer/tikz/tikz.cod
e.tex
Package: tikz 2025-08-29 v3.1.11a (3.1.11a)

(/usr/local/texlive/2026/texmf-dist/tex/generic/pgf/libraries/pgflibraryplothan
dlers.code.tex
File: pgflibraryplothandlers.code.tex 2025-08-29 v3.1.11a (3.1.11a)
\pgf@plot@mark@count=\count335
\pgfplotmarksize=\dimen283
)
\tikz@lastx=\dimen284
\tikz@lasty=\dimen285
\tikz@lastxsaved=\dimen286
\tikz@lastysaved=\dimen287
\tikz@lastmovetox=\dimen288
\tikz@lastmovetoy=\dimen289
\tikzleveldistance=\dimen290
\tikzsiblingdistance=\dimen291
\tikz@figbox=\box70
\tikz@figbox@bg=\box71
\tikz@tempbox=\box72
\tikz@tempbox@bg=\box73
\tikztreelevel=\count336
\tikznumberofchildren=\count337
\tikznumberofcurrentchild=\count338
\tikz@fig@count=\count339

(/usr/local/texlive/2026/texmf-dist/tex/generic/pgf/modules/pgfmodulematrix.cod
e.tex
File: pgfmodulematrix.code.tex 2025-08-29 v3.1.11a (3.1.11a)
\pgfmatrixcurrentrow=\count340
\pgfmatrixcurrentcolumn=\count341
\pgf@matrix@numberofcolumns=\count342
)
\tikz@expandcount=\count343

(/usr/local/texlive/2026/texmf-dist/tex/generic/pgf/frontendlayer/tikz/librarie
s/tikzlibrarytopaths.code.tex
File: tikzlibrarytopaths.code.tex 2025-08-29 v3.1.11a (3.1.11a)
)))
(/usr/local/texlive/2026/texmf-dist/tex/latex/tools/tabularx.sty
Package: tabularx 2023/12/11 v2.12a `tabularx' package (DPC)

(/usr/local/texlive/2026/texmf-dist/tex/latex/tools/array.sty
Package: array 2025/09/25 v2.6n Tabular extension package (FMi)
\col@sep=\dimen292
\ar@mcellbox=\box74
\extrarowheight=\dimen293
\NC@list=\toks37
\extratabsurround=\skip73
\backup@length=\skip74
\ar@cellbox=\box75
)
\TX@col@width=\dimen294
\TX@old@table=\dimen295
\TX@old@col=\dimen296
\TX@target=\dimen297
\TX@delta=\dimen298
\TX@cols=\count344
\TX@ftn=\toks38
)

Package fontspec Info: 
(fontspec)             Font family 'TimesNewRoman(0)' created for font 'Times
(fontspec)             New Roman' with options [Ligatures=TeX,BoldFont=Times
(fontspec)             New Roman Bold,ItalicFont=Times New Roman Italic].
(fontspec)              
(fontspec)              This font family consists of the following NFSS
(fontspec)             series/shapes:
(fontspec)              
(fontspec)             - 'normal' (m/n) with NFSS spec.: <->"Times New
(fontspec)             Roman/OT:script=latn;language=dflt;mapping=tex-text;"
(fontspec)             - 'bold' (b/n) with NFSS spec.: <->"Times New Roman
(fontspec)             Bold/OT:script=latn;language=dflt;mapping=tex-text;"
(fontspec)             - 'italic' (m/it) with NFSS spec.: <->"Times New Roman
(fontspec)             Italic/OT:script=latn;language=dflt;mapping=tex-text;"
(fontspec)             - 'bold italic' (b/it) with NFSS spec.: <->"Times New
(fontspec)             Roman
(fontspec)             Italic/B/OT:script=latn;language=dflt;mapping=tex-text;"



Package fontspec Info: 
(fontspec)             Font family 'HelveticaNeue(0)' created for font
(fontspec)             'Helvetica Neue' with options [Ligatures=TeX].
(fontspec)              
(fontspec)              This font family consists of the following NFSS
(fontspec)             series/shapes:
(fontspec)              
(fontspec)             - 'normal' (m/n) with NFSS spec.: <->"Helvetica
(fontspec)             Neue/AAT:mapping=tex-text;"
(fontspec)             - 'bold' (b/n) with NFSS spec.: <->"Helvetica
(fontspec)             Neue/B/AAT:mapping=tex-text;"
(fontspec)             - 'italic' (m/it) with NFSS spec.: <->"Helvetica
(fontspec)             Neue/I/AAT:mapping=tex-text;"
(fontspec)             - 'bold italic' (b/it) with NFSS spec.: <->"Helvetica
(fontspec)             Neue/BI/AAT:mapping=tex-text;"


Package fontspec Info: 
(fontspec)             Font family 'CourierNew(0)' created for font 'Courier
(fontspec)             New' with options
(fontspec)             [WordSpace={1,0,0},HyphenChar=None,PunctuationSpace=Word
Space].
(fontspec)              
(fontspec)              This font family consists of the following NFSS
(fontspec)             series/shapes:
(fontspec)              
(fontspec)             - 'normal' (m/n) with NFSS spec.: <->"Courier
(fontspec)             New/OT:script=latn;language=dflt;"
(fontspec)             - 'bold' (b/n) with NFSS spec.: <->"Courier
(fontspec)             New/B/OT:script=latn;language=dflt;"
(fontspec)             - 'italic' (m/it) with NFSS spec.: <->"Courier
(fontspec)             New/I/OT:script=latn;language=dflt;"
(fontspec)             - 'bold italic' (b/it) with NFSS spec.: <->"Courier
(fontspec)             New/BI/OT:script=latn;language=dflt;"


(./article-en.aux)
\openout1 = `article-en.aux'.

LaTeX Font Info:    Checking defaults for OML/cmm/m/it on input line 87.
LaTeX Font Info:    ... okay on input line 87.
LaTeX Font Info:    Checking defaults for OMS/cmsy/m/n on input line 87.
LaTeX Font Info:    ... okay on input line 87.
LaTeX Font Info:    Checking defaults for OT1/cmr/m/n on input line 87.
LaTeX Font Info:    ... okay on input line 87.
LaTeX Font Info:    Checking defaults for T1/cmr/m/n on input line 87.
LaTeX Font Info:    ... okay on input line 87.
LaTeX Font Info:    Checking defaults for TS1/cmr/m/n on input line 87.
LaTeX Font Info:    ... okay on input line 87.
LaTeX Font Info:    Checking defaults for TU/lmr/m/n on input line 87.
LaTeX Font Info:    ... okay on input line 87.
LaTeX Font Info:    Checking defaults for OMX/cmex/m/n on input line 87.
LaTeX Font Info:    ... okay on input line 87.
LaTeX Font Info:    Checking defaults for U/cmr/m/n on input line 87.
LaTeX Font Info:    ... okay on input line 87.
LaTeX Font Info:    Checking defaults for PD1/pdf/m/n on input line 87.
LaTeX Font Info:    ... okay on input line 87.
LaTeX Font Info:    Checking defaults for PU/pdf/m/n on input line 87.
LaTeX Font Info:    ... okay on input line 87.

Package fontspec Info: 
(fontspec)             Adjusting the maths setup (use [no-math] to avoid
(fontspec)             this).

\symlegacymaths=\mathgroup4
LaTeX Font Info:    Overwriting symbol font `legacymaths' in version `bold'
(Font)                  OT1/cmr/m/n --> OT1/cmr/bx/n on input line 87.
LaTeX Font Info:    Redeclaring math accent \acute on input line 87.
LaTeX Font Info:    Redeclaring math accent \grave on input line 87.
LaTeX Font Info:    Redeclaring math accent \ddot on input line 87.
LaTeX Font Info:    Redeclaring math accent \tilde on input line 87.
LaTeX Font Info:    Redeclaring math accent \bar on input line 87.
LaTeX Font Info:    Redeclaring math accent \breve on input line 87.
LaTeX Font Info:    Redeclaring math accent \check on input line 87.
LaTeX Font Info:    Redeclaring math accent \hat on input line 87.
LaTeX Font Info:    Redeclaring math accent \dot on input line 87.
LaTeX Font Info:    Redeclaring math accent \mathring on input line 87.
LaTeX Font Info:    Redeclaring math symbol \colon on input line 87.
LaTeX Font Info:    Redeclaring math symbol \Gamma on input line 87.
LaTeX Font Info:    Redeclaring math symbol \Delta on input line 87.
LaTeX Font Info:    Redeclaring math symbol \Theta on input line 87.
LaTeX Font Info:    Redeclaring math symbol \Lambda on input line 87.
LaTeX Font Info:    Redeclaring math symbol \Xi on input line 87.
LaTeX Font Info:    Redeclaring math symbol \Pi on input line 87.
LaTeX Font Info:    Redeclaring math symbol \Sigma on input line 87.
LaTeX Font Info:    Redeclaring math symbol \Upsilon on input line 87.
LaTeX Font Info:    Redeclaring math symbol \Phi on input line 87.
LaTeX Font Info:    Redeclaring math symbol \Psi on input line 87.
LaTeX Font Info:    Redeclaring math symbol \Omega on input line 87.
LaTeX Font Info:    Redeclaring math symbol \mathdollar on input line 87.
LaTeX Font Info:    Redeclaring symbol font `operators' on input line 87.
LaTeX Font Info:    Encoding `OT1' has changed to `TU' for symbol font
(Font)              `operators' in the math version `normal' on input line 87.
LaTeX Font Info:    Overwriting symbol font `operators' in version `normal'
(Font)                  OT1/cmr/m/n --> TU/TimesNewRoman(0)/m/n on input line 8
7.
LaTeX Font Info:    Encoding `OT1' has changed to `TU' for symbol font
(Font)              `operators' in the math version `bold' on input line 87.
LaTeX Font Info:    Overwriting symbol font `operators' in version `bold'
(Font)                  OT1/cmr/bx/n --> TU/TimesNewRoman(0)/m/n on input line 
87.
LaTeX Font Info:    Overwriting symbol font `operators' in version `normal'
(Font)                  TU/TimesNewRoman(0)/m/n --> TU/TimesNewRoman(0)/m/n on 
input line 87.
LaTeX Font Info:    Overwriting math alphabet `\mathit' in version `normal'
(Font)                  OT1/cmr/m/it --> TU/TimesNewRoman(0)/m/it on input line
 87.
LaTeX Font Info:    Overwriting math alphabet `\mathbf' in version `normal'
(Font)                  OT1/cmr/bx/n --> TU/TimesNewRoman(0)/b/n on input line 
87.
LaTeX Font Info:    Overwriting math alphabet `\mathsf' in version `normal'
(Font)                  OT1/cmss/m/n --> TU/HelveticaNeue(0)/m/n on input line 
87.
LaTeX Font Info:    Overwriting math alphabet `\mathtt' in version `normal'
(Font)                  OT1/cmtt/m/n --> TU/CourierNew(0)/m/n on input line 87.

LaTeX Font Info:    Overwriting symbol font `operators' in version `bold'
(Font)                  TU/TimesNewRoman(0)/m/n --> TU/TimesNewRoman(0)/b/n on 
input line 87.
LaTeX Font Info:    Overwriting math alphabet `\mathit' in version `bold'
(Font)                  OT1/cmr/bx/it --> TU/TimesNewRoman(0)/b/it on input lin
e 87.
LaTeX Font Info:    Overwriting math alphabet `\mathsf' in version `bold'
(Font)                  OT1/cmss/bx/n --> TU/HelveticaNeue(0)/b/n on input line
 87.
LaTeX Font Info:    Overwriting math alphabet `\mathtt' in version `bold'
(Font)                  OT1/cmtt/m/n --> TU/CourierNew(0)/b/n on input line 87.


*geometry* driver: auto-detecting
*geometry* detected driver: xetex
*geometry* verbose mode - [ preamble ] result:
* driver: xetex
* paper: a4paper
* layout: <same size as paper>
* layoutoffset:(h,v)=(0.0pt,0.0pt)
* modes: 
* h-part:(L,W,R)=(71.13188pt, 455.24411pt, 71.13188pt)
* v-part:(T,H,B)=(71.13188pt, 702.78308pt, 71.13188pt)
* \paperwidth=597.50787pt
* \paperheight=845.04684pt
* \textwidth=455.24411pt
* \textheight=702.78308pt
* \oddsidemargin=-1.1381pt
* \evensidemargin=-1.1381pt
* \topmargin=-38.1381pt
* \headheight=12.0pt
* \headsep=25.0pt
* \topskip=12.0pt
* \footskip=30.0pt
* \marginparwidth=35.0pt
* \marginparsep=10.0pt
* \columnsep=10.0pt
* \skip\footins=10.8pt plus 4.0pt minus 2.0pt
* \hoffset=0.0pt
* \voffset=0.0pt
* \mag=1000
* \@twocolumnfalse
* \@twosidefalse
* \@mparswitchfalse
* \@reversemarginfalse
* (1in=72.27pt=25.4mm, 1cm=28.453pt)

Package hyperref Info: Link coloring ON on input line 87.
(./article-en.out) (./article-en.out)
\@outlinefile=\write4
\openout4 = `article-en.out'.


Missing character: There is no 活 (U+6D3B) in font Times New Roman Italic/OT:scr
ipt=latn;language=dflt;mapping=tex-text;!
Missing character: There is no 下 (U+4E0B) in font Times New Roman Italic/OT:scr
ipt=latn;language=dflt;mapping=tex-text;!
Missing character: There is no 去 (U+53BB) in font Times New Roman Italic/OT:scr
ipt=latn;language=dflt;mapping=tex-text;!
Missing character: There is no ： (U+FF1A) in font Times New Roman Italic/OT:scr
ipt=latn;language=dflt;mapping=tex-text;!
Missing character: There is no 硅 (U+7845) in font Times New Roman Italic/OT:scr
ipt=latn;language=dflt;mapping=tex-text;!
Missing character: There is no 基 (U+57FA) in font Times New Roman Italic/OT:scr
ipt=latn;language=dflt;mapping=tex-text;!
Missing character: There is no 时 (U+65F6) in font Times New Roman Italic/OT:scr
ipt=latn;language=dflt;mapping=tex-text;!
Missing character: There is no 代 (U+4EE3) in font Times New Roman Italic/OT:scr
ipt=latn;language=dflt;mapping=tex-text;!
Missing character: There is no 普 (U+666E) in font Times New Roman Italic/OT:scr
ipt=latn;language=dflt;mapping=tex-text;!
Missing character: There is no 通 (U+901A) in font Times New Roman Italic/OT:scr
ipt=latn;language=dflt;mapping=tex-text;!
Missing character: There is no 人 (U+4EBA) in font Times New Roman Italic/OT:scr
ipt=latn;language=dflt;mapping=tex-text;!
Missing character: There is no 的 (U+7684) in font Times New Roman Italic/OT:scr
ipt=latn;language=dflt;mapping=tex-text;!
Missing character: There is no 生 (U+751F) in font Times New Roman Italic/OT:scr
ipt=latn;language=dflt;mapping=tex-text;!
Missing character: There is no 存 (U+5B58) in font Times New Roman Italic/OT:scr
ipt=latn;language=dflt;mapping=tex-text;!
Missing character: There is no 指 (U+6307) in font Times New Roman Italic/OT:scr
ipt=latn;language=dflt;mapping=tex-text;!
Missing character: There is no 北 (U+5317) in font Times New Roman Italic/OT:scr
ipt=latn;language=dflt;mapping=tex-text;!
[1

] (./article-en.toc
LaTeX Font Info:    External font `cmex10' loaded for size
(Font)              <12> on input line 3.
LaTeX Font Info:    External font `cmex10' loaded for size
(Font)              <8> on input line 3.
LaTeX Font Info:    External font `cmex10' loaded for size
(Font)              <6> on input line 3.


Package fancyhdr Warning: \headheight is too small (12.0pt): 
(fancyhdr)                Make it at least 13.59999pt, for example:
(fancyhdr)                \setlength{\headheight}{13.59999pt}.
(fancyhdr)                You might also make \topmargin smaller:
(fancyhdr)                \addtolength{\topmargin}{-1.59999pt}.

[1]

Package fancyhdr Warning: \headheight is too small (12.0pt): 
(fancyhdr)                Make it at least 13.59999pt, for example:
(fancyhdr)                \setlength{\headheight}{13.59999pt}.
(fancyhdr)                You might also make \topmargin smaller:
(fancyhdr)                \addtolength{\topmargin}{-1.59999pt}.

[2])
\tf@toc=\write5
\openout5 = `article-en.toc'.



Package fancyhdr Warning: \headheight is too small (12.0pt): 
(fancyhdr)                Make it at least 13.59999pt, for example:
(fancyhdr)                \setlength{\headheight}{13.59999pt}.
(fancyhdr)                You might also make \topmargin smaller:
(fancyhdr)                \addtolength{\topmargin}{-1.59999pt}.

[3] (./body-en.tex

Package fancyhdr Warning: \headheight is too small (12.0pt): 
(fancyhdr)                Make it at least 13.59999pt, for example:
(fancyhdr)                \setlength{\headheight}{13.59999pt}.
(fancyhdr)                You might also make \topmargin smaller:
(fancyhdr)                \addtolength{\topmargin}{-1.59999pt}.

[4]

Package fancyhdr Warning: \headheight is too small (12.0pt): 
(fancyhdr)                Make it at least 13.59999pt, for example:
(fancyhdr)                \setlength{\headheight}{13.59999pt}.
(fancyhdr)                You might also make \topmargin smaller:
(fancyhdr)                \addtolength{\topmargin}{-1.59999pt}.

[5]

Package fancyhdr Warning: \headheight is too small (12.0pt): 
(fancyhdr)                Make it at least 13.59999pt, for example:
(fancyhdr)                \setlength{\headheight}{13.59999pt}.
(fancyhdr)                You might also make \topmargin smaller:
(fancyhdr)                \addtolength{\topmargin}{-1.59999pt}.

[6]
Overfull \hbox (1.20566pt too wide) in paragraph at lines 174--174
|[]\TU/HelveticaNeue(0)/b/n/14.4 2.1 The Psychological Structure of the AI Shoc
k: Crushed From
 []


! LaTeX Error: No counter 'none' defined.

See the LaTeX manual or LaTeX Companion for explanation.
Type  H <return>  for immediate help.
 ...                                              
                                                  
l.184 ...width - 4\tabcolsep) * \real{0.3333}}@{}}
                                                  
Your command was ignored.
Type  I <command> <return>  to replace it with another command,
or  <return>  to continue without it.

! Missing number, treated as zero.
<to be read again> 
                   (
l.186 \begin
            {minipage}[b]{\linewidth}\raggedright
A number should have been here; I inserted `0'.
(If you can't figure out why I needed to see a number,
look up `weird error' in the index to The TeXbook.)

! Illegal unit of measure (pt inserted).
<to be read again> 
                   (
l.186 \begin
            {minipage}[b]{\linewidth}\raggedright
Dimensions can be in units of em, ex, in, pt, pc,
cm, mm, dd, cc, bp, or sp; but yours is a new one!
I'll assume that you meant to say pt, for printer's points.
To recover gracefully from this error, it's best to
delete the erroneous units; e.g., type `2' to delete
two letters. (See Chapter 27 of The TeXbook.)

! Undefined control sequence.
<argument> (\linewidth - 4\tabcolsep ) * \real 
                                               {0.3333}
l.186 \begin
            {minipage}[b]{\linewidth}\raggedright
The control sequence at the end of the top line
of your error message was never \def'ed. If you have
misspelled it (e.g., `\hobx'), type `I' and the correct
spelling (e.g., `I\hbox'). Otherwise just continue,
and I'll forget about whatever was undefined.


Overfull \hbox (25.31836pt too wide) in paragraph at lines 187--188
[]\TU/TimesNewRoman(0)/m/n/12 Need 
 []


Overfull \hbox (27.3164pt too wide) in paragraph at lines 187--188
\TU/TimesNewRoman(0)/m/n/12 Level  
 []


Overfull \hbox (7.99219pt too wide) in paragraph at lines 186--188
[]\TU/TimesNewRoman(0)/m/n/12 () 
 []


Overfull \hbox (6.0pt too wide) in paragraph at lines 186--188
\TU/TimesNewRoman(0)/m/n/12 * 
 []


Overfull \hbox (33.0pt too wide) in paragraph at lines 186--188
\TU/TimesNewRoman(0)/m/n/12 0.3333[]|  
 []

! Missing number, treated as zero.
<to be read again> 
                   (
l.188 \end{minipage} & \begin
                             {minipage}[b]{\linewidth}\raggedright
A number should have been here; I inserted `0'.
(If you can't figure out why I needed to see a number,
look up `weird error' in the index to The TeXbook.)

! Illegal unit of measure (pt inserted).
<to be read again> 
                   (
l.188 \end{minipage} & \begin
                             {minipage}[b]{\linewidth}\raggedright
Dimensions can be in units of em, ex, in, pt, pc,
cm, mm, dd, cc, bp, or sp; but yours is a new one!
I'll assume that you meant to say pt, for printer's points.
To recover gracefully from this error, it's best to
delete the erroneous units; e.g., type `2' to delete
two letters. (See Chapter 27 of The TeXbook.)

! Undefined control sequence.
<argument> (\linewidth - 4\tabcolsep ) * \real 
                                               {0.3333}
l.188 \end{minipage} & \begin
                             {minipage}[b]{\linewidth}\raggedright
The control sequence at the end of the top line
of your error message was never \def'ed. If you have
misspelled it (e.g., `\hobx'), type `I' and the correct
spelling (e.g., `I\hbox'). Otherwise just continue,
and I'll forget about whatever was undefined.


Overfull \hbox (20.66602pt too wide) in paragraph at lines 189--190
[]\TU/TimesNewRoman(0)/m/n/12 AI’s 
 []


Overfull \hbox (17.32617pt too wide) in paragraph at lines 189--190
\TU/TimesNewRoman(0)/m/n/12 Im- 
 []


Overfull \hbox (19.98633pt too wide) in paragraph at lines 189--190
\TU/TimesNewRoman(0)/m/n/12 pact  
 []


Overfull \hbox (7.99219pt too wide) in paragraph at lines 188--190
[]\TU/TimesNewRoman(0)/m/n/12 () 
 []


Overfull \hbox (6.0pt too wide) in paragraph at lines 188--190
\TU/TimesNewRoman(0)/m/n/12 * 
 []


Overfull \hbox (33.0pt too wide) in paragraph at lines 188--190
\TU/TimesNewRoman(0)/m/n/12 0.3333[]|  
 []

! Missing number, treated as zero.
<to be read again> 
                   (
l.190 \end{minipage} & \begin
                             {minipage}[b]{\linewidth}\raggedright
A number should have been here; I inserted `0'.
(If you can't figure out why I needed to see a number,
look up `weird error' in the index to The TeXbook.)

! Illegal unit of measure (pt inserted).
<to be read again> 
                   (
l.190 \end{minipage} & \begin
                             {minipage}[b]{\linewidth}\raggedright
Dimensions can be in units of em, ex, in, pt, pc,
cm, mm, dd, cc, bp, or sp; but yours is a new one!
I'll assume that you meant to say pt, for printer's points.
To recover gracefully from this error, it's best to
delete the erroneous units; e.g., type `2' to delete
two letters. (See Chapter 27 of The TeXbook.)

! Undefined control sequence.
<argument> (\linewidth - 4\tabcolsep ) * \real 
                                               {0.3333}
l.190 \end{minipage} & \begin
                             {minipage}[b]{\linewidth}\raggedright
The control sequence at the end of the top line
of your error message was never \def'ed. If you have
misspelled it (e.g., `\hobx'), type `I' and the correct
spelling (e.g., `I\hbox'). Otherwise just continue,
and I'll forget about whatever was undefined.


Overfull \hbox (29.32617pt too wide) in paragraph at lines 191--192
[]\TU/TimesNewRoman(0)/m/n/12 Speed 
 []


Overfull \hbox (9.9961pt too wide) in paragraph at lines 191--192
\TU/TimesNewRoman(0)/m/n/12 of 
 []


Overfull \hbox (21.33398pt too wide) in paragraph at lines 191--192
\TU/TimesNewRoman(0)/m/n/12 Col- 
 []


Overfull \hbox (24.65625pt too wide) in paragraph at lines 191--192
\TU/TimesNewRoman(0)/m/n/12 lapse  
 []


Overfull \hbox (7.99219pt too wide) in paragraph at lines 190--193
[]\TU/TimesNewRoman(0)/m/n/12 () 
 []


Overfull \hbox (6.0pt too wide) in paragraph at lines 190--193
\TU/TimesNewRoman(0)/m/n/12 * 
 []


Overfull \hbox (33.0pt too wide) in paragraph at lines 190--193
\TU/TimesNewRoman(0)/m/n/12 0.3333[]|  
 []

! Missing number, treated as zero.
<to be read again> 
                   (
l.197 S
       elf-actualization & ``Everything I spent a lifetime learning is
A number should have been here; I inserted `0'.
(If you can't figure out why I needed to see a number,
look up `weird error' in the index to The TeXbook.)

! Illegal unit of measure (pt inserted).
<to be read again> 
                   (
l.197 S
       elf-actualization & ``Everything I spent a lifetime learning is
Dimensions can be in units of em, ex, in, pt, pc,
cm, mm, dd, cc, bp, or sp; but yours is a new one!
I'll assume that you meant to say pt, for printer's points.
To recover gracefully from this error, it's best to
delete the erroneous units; e.g., type `2' to delete
two letters. (See Chapter 27 of The TeXbook.)

! Undefined control sequence.
<argument> (\linewidth - 4\tabcolsep ) * \real 
                                               {0.3333}
l.197 S
       elf-actualization & ``Everything I spent a lifetime learning is
The control sequence at the end of the top line
of your error message was never \def'ed. If you have
misspelled it (e.g., `\hobx'), type `I' and the correct
spelling (e.g., `I\hbox'). Otherwise just continue,
and I'll forget about whatever was undefined.


Overfull \hbox (7.99219pt too wide) in paragraph at lines 197--197
[]\TU/TimesNewRoman(0)/m/n/12 () 
 []


Overfull \hbox (6.0pt too wide) in paragraph at lines 197--197
\TU/TimesNewRoman(0)/m/n/12 * 
 []


Overfull \hbox (56.32617pt too wide) in paragraph at lines 197--197
\TU/TimesNewRoman(0)/m/n/12 0.3333Self- 
 []


Overfull \hbox (61.30078pt too wide) in paragraph at lines 197--197
\TU/TimesNewRoman(0)/m/n/12 actualization|  
 []

! Missing number, treated as zero.
<to be read again> 
                   (
l.197 Self-actualization & `
                            `Everything I spent a lifetime learning is
A number should have been here; I inserted `0'.
(If you can't figure out why I needed to see a number,
look up `weird error' in the index to The TeXbook.)

! Illegal unit of measure (pt inserted).
<to be read again> 
                   (
l.197 Self-actualization & `
                            `Everything I spent a lifetime learning is
Dimensions can be in units of em, ex, in, pt, pc,
cm, mm, dd, cc, bp, or sp; but yours is a new one!
I'll assume that you meant to say pt, for printer's points.
To recover gracefully from this error, it's best to
delete the erroneous units; e.g., type `2' to delete
two letters. (See Chapter 27 of The TeXbook.)

! Undefined control sequence.
<argument> (\linewidth - 4\tabcolsep ) * \real 
                                               {0.3333}
l.197 Self-actualization & `
                            `Everything I spent a lifetime learning is
The control sequence at the end of the top line
of your error message was never \def'ed. If you have
misspelled it (e.g., `\hobx'), type `I' and the correct
spelling (e.g., `I\hbox'). Otherwise just continue,
and I'll forget about whatever was undefined.


Overfull \hbox (7.99219pt too wide) in paragraph at lines 197--198
[]\TU/TimesNewRoman(0)/m/n/12 () 
 []


Overfull \hbox (6.0pt too wide) in paragraph at lines 197--198
\TU/TimesNewRoman(0)/m/n/12 * 
 []


Overfull \hbox (55.65234pt too wide) in paragraph at lines 197--198
\TU/TimesNewRoman(0)/m/n/12 0.3333“Ev- 
 []


Overfull \hbox (19.31836pt too wide) in paragraph at lines 197--198
\TU/TimesNewRoman(0)/m/n/12 ery- 
 []


Overfull \hbox (24.66797pt too wide) in paragraph at lines 197--198
\TU/TimesNewRoman(0)/m/n/12 thing 
 []


Overfull \hbox (3.9961pt too wide) in paragraph at lines 197--198
\TU/TimesNewRoman(0)/m/n/12 I 
 []


Overfull \hbox (25.33008pt too wide) in paragraph at lines 197--198
\TU/TimesNewRoman(0)/m/n/12 spent 
 []


Overfull \hbox (5.32617pt too wide) in paragraph at lines 197--198
\TU/TimesNewRoman(0)/m/n/12 a 
 []


Overfull \hbox (19.98633pt too wide) in paragraph at lines 197--198
\TU/TimesNewRoman(0)/m/n/12 life- 
 []


Overfull \hbox (21.32813pt too wide) in paragraph at lines 197--198
\TU/TimesNewRoman(0)/m/n/12 time 
 []


Overfull \hbox (27.97852pt too wide) in paragraph at lines 197--198
\TU/TimesNewRoman(0)/m/n/12 learn- 
 []


Overfull \hbox (15.33398pt too wide) in paragraph at lines 197--198
\TU/TimesNewRoman(0)/m/n/12 ing 
 []


Overfull \hbox (8.0039pt too wide) in paragraph at lines 197--198
\TU/TimesNewRoman(0)/m/n/12 is 
 []


Overfull \hbox (20.66602pt too wide) in paragraph at lines 197--198
\TU/TimesNewRoman(0)/m/n/12 sud- 
 []


Overfull \hbox (26.66016pt too wide) in paragraph at lines 197--198
\TU/TimesNewRoman(0)/m/n/12 denly 
 []


Overfull \hbox (31.99219pt too wide) in paragraph at lines 197--198
\TU/TimesNewRoman(0)/m/n/12 worth- 
 []


Overfull \hbox (23.32617pt too wide) in paragraph at lines 197--198
\TU/TimesNewRoman(0)/m/n/12 less”|  
 []

! Missing number, treated as zero.
<to be read again> 
                   (
l.198 suddenly worthless'' & C
                              ollapses first \\
A number should have been here; I inserted `0'.
(If you can't figure out why I needed to see a number,
look up `weird error' in the index to The TeXbook.)

! Illegal unit of measure (pt inserted).
<to be read again> 
                   (
l.198 suddenly worthless'' & C
                              ollapses first \\
Dimensions can be in units of em, ex, in, pt, pc,
cm, mm, dd, cc, bp, or sp; but yours is a new one!
I'll assume that you meant to say pt, for printer's points.
To recover gracefully from this error, it's best to
delete the erroneous units; e.g., type `2' to delete
two letters. (See Chapter 27 of The TeXbook.)

! Undefined control sequence.
<argument> (\linewidth - 4\tabcolsep ) * \real 
                                               {0.3333}
l.198 suddenly worthless'' & C
                              ollapses first \\
The control sequence at the end of the top line
of your error message was never \def'ed. If you have
misspelled it (e.g., `\hobx'), type `I' and the correct
spelling (e.g., `I\hbox'). Otherwise just continue,
and I'll forget about whatever was undefined.


Overfull \hbox (7.99219pt too wide) in paragraph at lines 198--199
[]\TU/TimesNewRoman(0)/m/n/12 () 
 []


Overfull \hbox (6.0pt too wide) in paragraph at lines 198--199
\TU/TimesNewRoman(0)/m/n/12 * 
 []


Overfull \hbox (54.33398pt too wide) in paragraph at lines 198--199
\TU/TimesNewRoman(0)/m/n/12 0.3333Col- 
 []


Overfull \hbox (29.32617pt too wide) in paragraph at lines 198--199
\TU/TimesNewRoman(0)/m/n/12 lapses 
 []


Overfull \hbox (19.33008pt too wide) in paragraph at lines 198--199
\TU/TimesNewRoman(0)/m/n/12 first|  
 []

! Missing number, treated as zero.
<to be read again> 
                   (
l.199 E
       steem & ``I am no longer needed; I am surplus'' & Follows closely \\
A number should have been here; I inserted `0'.
(If you can't figure out why I needed to see a number,
look up `weird error' in the index to The TeXbook.)

! Illegal unit of measure (pt inserted).
<to be read again> 
                   (
l.199 E
       steem & ``I am no longer needed; I am surplus'' & Follows closely \\
Dimensions can be in units of em, ex, in, pt, pc,
cm, mm, dd, cc, bp, or sp; but yours is a new one!
I'll assume that you meant to say pt, for printer's points.
To recover gracefully from this error, it's best to
delete the erroneous units; e.g., type `2' to delete
two letters. (See Chapter 27 of The TeXbook.)

! Undefined control sequence.
<argument> (\linewidth - 4\tabcolsep ) * \real 
                                               {0.3333}
l.199 E
       steem & ``I am no longer needed; I am surplus'' & Follows closely \\
The control sequence at the end of the top line
of your error message was never \def'ed. If you have
misspelled it (e.g., `\hobx'), type `I' and the correct
spelling (e.g., `I\hbox'). Otherwise just continue,
and I'll forget about whatever was undefined.


Overfull \hbox (7.99219pt too wide) in paragraph at lines 199--199
[]\TU/TimesNewRoman(0)/m/n/12 () 
 []


Overfull \hbox (6.0pt too wide) in paragraph at lines 199--199
\TU/TimesNewRoman(0)/m/n/12 * 
 []


Overfull \hbox (48.9961pt too wide) in paragraph at lines 199--199
\TU/TimesNewRoman(0)/m/n/12 0.3333Es- 
 []


Overfull \hbox (23.32031pt too wide) in paragraph at lines 199--199
\TU/TimesNewRoman(0)/m/n/12 teem|  
 []

! Missing number, treated as zero.
<to be read again> 
                   (
l.199 Esteem & `
                `I am no longer needed; I am surplus'' & Follows closely \\
A number should have been here; I inserted `0'.
(If you can't figure out why I needed to see a number,
look up `weird error' in the index to The TeXbook.)

! Illegal unit of measure (pt inserted).
<to be read again> 
                   (
l.199 Esteem & `
                `I am no longer needed; I am surplus'' & Follows closely \\
Dimensions can be in units of em, ex, in, pt, pc,
cm, mm, dd, cc, bp, or sp; but yours is a new one!
I'll assume that you meant to say pt, for printer's points.
To recover gracefully from this error, it's best to
delete the erroneous units; e.g., type `2' to delete
two letters. (See Chapter 27 of The TeXbook.)

! Undefined control sequence.
<argument> (\linewidth - 4\tabcolsep ) * \real 
                                               {0.3333}
l.199 Esteem & `
                `I am no longer needed; I am surplus'' & Follows closely \\
The control sequence at the end of the top line
of your error message was never \def'ed. If you have
misspelled it (e.g., `\hobx'), type `I' and the correct
spelling (e.g., `I\hbox'). Otherwise just continue,
and I'll forget about whatever was undefined.


Overfull \hbox (7.99219pt too wide) in paragraph at lines 199--199
[]\TU/TimesNewRoman(0)/m/n/12 () 
 []


Overfull \hbox (6.0pt too wide) in paragraph at lines 199--199
\TU/TimesNewRoman(0)/m/n/12 * 
 []


Overfull \hbox (42.32227pt too wide) in paragraph at lines 199--199
\TU/TimesNewRoman(0)/m/n/12 0.3333“I 
 []


Overfull \hbox (14.66016pt too wide) in paragraph at lines 199--199
\TU/TimesNewRoman(0)/m/n/12 am 
 []


Overfull \hbox (12.0pt too wide) in paragraph at lines 199--199
\TU/TimesNewRoman(0)/m/n/12 no 
 []


Overfull \hbox (30.65625pt too wide) in paragraph at lines 199--199
\TU/TimesNewRoman(0)/m/n/12 longer 
 []


Overfull \hbox (37.3125pt too wide) in paragraph at lines 199--199
\TU/TimesNewRoman(0)/m/n/12 needed; 
 []


Overfull \hbox (3.9961pt too wide) in paragraph at lines 199--199
\TU/TimesNewRoman(0)/m/n/12 I 
 []


Overfull \hbox (14.66016pt too wide) in paragraph at lines 199--199
\TU/TimesNewRoman(0)/m/n/12 am 
 []


Overfull \hbox (18.42188pt too wide) in paragraph at lines 199--199
\TU/TimesNewRoman(0)/m/n/12 sur- 
 []


Overfull \hbox (25.33008pt too wide) in paragraph at lines 199--199
\TU/TimesNewRoman(0)/m/n/12 plus”|  
 []

! Missing number, treated as zero.
<to be read again> 
                   (
l.199 ...I am no longer needed; I am surplus'' & F
                                                  ollows closely \\
A number should have been here; I inserted `0'.
(If you can't figure out why I needed to see a number,
look up `weird error' in the index to The TeXbook.)

! Illegal unit of measure (pt inserted).
<to be read again> 
                   (
l.199 ...I am no longer needed; I am surplus'' & F
                                                  ollows closely \\
Dimensions can be in units of em, ex, in, pt, pc,
cm, mm, dd, cc, bp, or sp; but yours is a new one!
I'll assume that you meant to say pt, for printer's points.
To recover gracefully from this error, it's best to
delete the erroneous units; e.g., type `2' to delete
two letters. (See Chapter 27 of The TeXbook.)

! Undefined control sequence.
<argument> (\linewidth - 4\tabcolsep ) * \real 
                                               {0.3333}
l.199 ...I am no longer needed; I am surplus'' & F
                                                  ollows closely \\
The control sequence at the end of the top line
of your error message was never \def'ed. If you have
misspelled it (e.g., `\hobx'), type `I' and the correct
spelling (e.g., `I\hbox'). Otherwise just continue,
and I'll forget about whatever was undefined.


Overfull \hbox (7.99219pt too wide) in paragraph at lines 199--200
[]\TU/TimesNewRoman(0)/m/n/12 () 
 []


Overfull \hbox (6.0pt too wide) in paragraph at lines 199--200
\TU/TimesNewRoman(0)/m/n/12 * 
 []


Overfull \hbox (53.0039pt too wide) in paragraph at lines 199--200
\TU/TimesNewRoman(0)/m/n/12 0.3333Fol- 
 []


Overfull \hbox (22.66992pt too wide) in paragraph at lines 199--200
\TU/TimesNewRoman(0)/m/n/12 lows 
 []


Overfull \hbox (33.99023pt too wide) in paragraph at lines 199--200
\TU/TimesNewRoman(0)/m/n/12 closely|  
 []

! Missing number, treated as zero.
<to be read again> 
                   (
l.200 B
       elonging & ``Social circle shrinks after job loss; AI companions
A number should have been here; I inserted `0'.
(If you can't figure out why I needed to see a number,
look up `weird error' in the index to The TeXbook.)

! Illegal unit of measure (pt inserted).
<to be read again> 
                   (
l.200 B
       elonging & ``Social circle shrinks after job loss; AI companions
Dimensions can be in units of em, ex, in, pt, pc,
cm, mm, dd, cc, bp, or sp; but yours is a new one!
I'll assume that you meant to say pt, for printer's points.
To recover gracefully from this error, it's best to
delete the erroneous units; e.g., type `2' to delete
two letters. (See Chapter 27 of The TeXbook.)

! Undefined control sequence.
<argument> (\linewidth - 4\tabcolsep ) * \real 
                                               {0.3333}
l.200 B
       elonging & ``Social circle shrinks after job loss; AI companions
The control sequence at the end of the top line
of your error message was never \def'ed. If you have
misspelled it (e.g., `\hobx'), type `I' and the correct
spelling (e.g., `I\hbox'). Otherwise just continue,
and I'll forget about whatever was undefined.


Overfull \hbox (7.99219pt too wide) in paragraph at lines 200--200
[]\TU/TimesNewRoman(0)/m/n/12 () 
 []


Overfull \hbox (6.0pt too wide) in paragraph at lines 200--200
\TU/TimesNewRoman(0)/m/n/12 * 
 []


Overfull \hbox (50.32617pt too wide) in paragraph at lines 200--200
\TU/TimesNewRoman(0)/m/n/12 0.3333Be- 
 []


Overfull \hbox (25.33008pt too wide) in paragraph at lines 200--200
\TU/TimesNewRoman(0)/m/n/12 long- 
 []


Overfull \hbox (15.33398pt too wide) in paragraph at lines 200--200
\TU/TimesNewRoman(0)/m/n/12 ing|  
 []

! Missing number, treated as zero.
<to be read again> 
                   (
l.200 Belonging & `
                   `Social circle shrinks after job loss; AI companions
A number should have been here; I inserted `0'.
(If you can't figure out why I needed to see a number,
look up `weird error' in the index to The TeXbook.)

! Illegal unit of measure (pt inserted).
<to be read again> 
                   (
l.200 Belonging & `
                   `Social circle shrinks after job loss; AI companions
Dimensions can be in units of em, ex, in, pt, pc,
cm, mm, dd, cc, bp, or sp; but yours is a new one!
I'll assume that you meant to say pt, for printer's points.
To recover gracefully from this error, it's best to
delete the erroneous units; e.g., type `2' to delete
two letters. (See Chapter 27 of The TeXbook.)

! Undefined control sequence.
<argument> (\linewidth - 4\tabcolsep ) * \real 
                                               {0.3333}
l.200 Belonging & `
                   `Social circle shrinks after job loss; AI companions
The control sequence at the end of the top line
of your error message was never \def'ed. If you have
misspelled it (e.g., `\hobx'), type `I' and the correct
spelling (e.g., `I\hbox'). Otherwise just continue,
and I'll forget about whatever was undefined.


Overfull \hbox (7.99219pt too wide) in paragraph at lines 200--201
[]\TU/TimesNewRoman(0)/m/n/12 () 
 []


Overfull \hbox (6.0pt too wide) in paragraph at lines 200--201
\TU/TimesNewRoman(0)/m/n/12 * 
 []


Overfull \hbox (54.9961pt too wide) in paragraph at lines 200--201
\TU/TimesNewRoman(0)/m/n/12 0.3333“So- 
 []


Overfull \hbox (17.32031pt too wide) in paragraph at lines 200--201
\TU/TimesNewRoman(0)/m/n/12 cial 
 []


Overfull \hbox (16.41211pt too wide) in paragraph at lines 200--201
\TU/TimesNewRoman(0)/m/n/12 cir- 
 []


Overfull \hbox (13.98633pt too wide) in paragraph at lines 200--201
\TU/TimesNewRoman(0)/m/n/12 cle 
 []


Overfull \hbox (34.66992pt too wide) in paragraph at lines 200--201
\TU/TimesNewRoman(0)/m/n/12 shrinks 
 []


Overfull \hbox (13.31836pt too wide) in paragraph at lines 200--201
\TU/TimesNewRoman(0)/m/n/12 af- 
 []


Overfull \hbox (12.65625pt too wide) in paragraph at lines 200--201
\TU/TimesNewRoman(0)/m/n/12 ter 
 []


Overfull \hbox (15.33398pt too wide) in paragraph at lines 200--201
\TU/TimesNewRoman(0)/m/n/12 job 
 []


Overfull \hbox (22.00781pt too wide) in paragraph at lines 200--201
\TU/TimesNewRoman(0)/m/n/12 loss; 
 []


Overfull \hbox (12.66211pt too wide) in paragraph at lines 200--201
\TU/TimesNewRoman(0)/m/n/12 AI 
 []


Overfull \hbox (24.65625pt too wide) in paragraph at lines 200--201
\TU/TimesNewRoman(0)/m/n/12 com- 
 []


Overfull \hbox (21.32227pt too wide) in paragraph at lines 200--201
\TU/TimesNewRoman(0)/m/n/12 pan- 
 []


Overfull \hbox (20.0039pt too wide) in paragraph at lines 200--201
\TU/TimesNewRoman(0)/m/n/12 ions 
 []


Overfull \hbox (13.31836pt too wide) in paragraph at lines 200--201
\TU/TimesNewRoman(0)/m/n/12 re- 
 []


Overfull \hbox (25.3125pt too wide) in paragraph at lines 200--201
\TU/TimesNewRoman(0)/m/n/12 place 
 []


Overfull \hbox (17.98242pt too wide) in paragraph at lines 200--201
\TU/TimesNewRoman(0)/m/n/12 real 
 []


Overfull \hbox (21.32227pt too wide) in paragraph at lines 200--201
\TU/TimesNewRoman(0)/m/n/12 peo- 
 []


Overfull \hbox (19.98633pt too wide) in paragraph at lines 200--201
\TU/TimesNewRoman(0)/m/n/12 ple”|  
 []

! Missing number, treated as zero.
<to be read again> 
                   (
l.201 replace real people'' & S
                               low erosion \\
A number should have been here; I inserted `0'.
(If you can't figure out why I needed to see a number,
look up `weird error' in the index to The TeXbook.)

! Illegal unit of measure (pt inserted).
<to be read again> 
                   (
l.201 replace real people'' & S
                               low erosion \\
Dimensions can be in units of em, ex, in, pt, pc,
cm, mm, dd, cc, bp, or sp; but yours is a new one!
I'll assume that you meant to say pt, for printer's points.
To recover gracefully from this error, it's best to
delete the erroneous units; e.g., type `2' to delete
two letters. (See Chapter 27 of The TeXbook.)

! Undefined control sequence.
<argument> (\linewidth - 4\tabcolsep ) * \real 
                                               {0.3333}
l.201 replace real people'' & S
                               low erosion \\
The control sequence at the end of the top line
of your error message was never \def'ed. If you have
misspelled it (e.g., `\hobx'), type `I' and the correct
spelling (e.g., `I\hbox'). Otherwise just continue,
and I'll forget about whatever was undefined.


Overfull \hbox (7.99219pt too wide) in paragraph at lines 201--202
[]\TU/TimesNewRoman(0)/m/n/12 () 
 []


Overfull \hbox (6.0pt too wide) in paragraph at lines 201--202
\TU/TimesNewRoman(0)/m/n/12 * 
 []


Overfull \hbox (57.67383pt too wide) in paragraph at lines 201--202
\TU/TimesNewRoman(0)/m/n/12 0.3333Slow 
 []


Overfull \hbox (19.31836pt too wide) in paragraph at lines 201--202
\TU/TimesNewRoman(0)/m/n/12 ero- 
 []


Overfull \hbox (20.0039pt too wide) in paragraph at lines 201--202
\TU/TimesNewRoman(0)/m/n/12 sion|  
 []

! Missing number, treated as zero.
<to be read again> 
                   (
l.202 S
       afety & ``Can't make mortgage payments; pension falls short'' & Delayed
A number should have been here; I inserted `0'.
(If you can't figure out why I needed to see a number,
look up `weird error' in the index to The TeXbook.)

! Illegal unit of measure (pt inserted).
<to be read again> 
                   (
l.202 S
       afety & ``Can't make mortgage payments; pension falls short'' & Delayed
Dimensions can be in units of em, ex, in, pt, pc,
cm, mm, dd, cc, bp, or sp; but yours is a new one!
I'll assume that you meant to say pt, for printer's points.
To recover gracefully from this error, it's best to
delete the erroneous units; e.g., type `2' to delete
two letters. (See Chapter 27 of The TeXbook.)

! Undefined control sequence.
<argument> (\linewidth - 4\tabcolsep ) * \real 
                                               {0.3333}
l.202 S
       afety & ``Can't make mortgage payments; pension falls short'' & Delayed
The control sequence at the end of the top line
of your error message was never \def'ed. If you have
misspelled it (e.g., `\hobx'), type `I' and the correct
spelling (e.g., `I\hbox'). Otherwise just continue,
and I'll forget about whatever was undefined.


Overfull \hbox (7.99219pt too wide) in paragraph at lines 202--202
[]\TU/TimesNewRoman(0)/m/n/12 () 
 []


Overfull \hbox (6.0pt too wide) in paragraph at lines 202--202
\TU/TimesNewRoman(0)/m/n/12 * 
 []


Overfull \hbox (63.65625pt too wide) in paragraph at lines 202--202
\TU/TimesNewRoman(0)/m/n/12 0.3333Safety|  
 []

! Missing number, treated as zero.
<to be read again> 
                   (
l.202 Safety & `
                `Can't make mortgage payments; pension falls short'' & Delayed
A number should have been here; I inserted `0'.
(If you can't figure out why I needed to see a number,
look up `weird error' in the index to The TeXbook.)

! Illegal unit of measure (pt inserted).
<to be read again> 
                   (
l.202 Safety & `
                `Can't make mortgage payments; pension falls short'' & Delayed
Dimensions can be in units of em, ex, in, pt, pc,
cm, mm, dd, cc, bp, or sp; but yours is a new one!
I'll assume that you meant to say pt, for printer's points.
To recover gracefully from this error, it's best to
delete the erroneous units; e.g., type `2' to delete
two letters. (See Chapter 27 of The TeXbook.)

! Undefined control sequence.
<argument> (\linewidth - 4\tabcolsep ) * \real 
                                               {0.3333}
l.202 Safety & `
                `Can't make mortgage payments; pension falls short'' & Delayed
The control sequence at the end of the top line
of your error message was never \def'ed. If you have
misspelled it (e.g., `\hobx'), type `I' and the correct
spelling (e.g., `I\hbox'). Otherwise just continue,
and I'll forget about whatever was undefined.


Overfull \hbox (7.99219pt too wide) in paragraph at lines 202--202
[]\TU/TimesNewRoman(0)/m/n/12 () 
 []


Overfull \hbox (6.0pt too wide) in paragraph at lines 202--202
\TU/TimesNewRoman(0)/m/n/12 * 
 []


Overfull \hbox (64.76953pt too wide) in paragraph at lines 202--202
\TU/TimesNewRoman(0)/m/n/12 0.3333“Can’t 
 []


Overfull \hbox (25.98633pt too wide) in paragraph at lines 202--202
\TU/TimesNewRoman(0)/m/n/12 make 
 []


Overfull \hbox (26.66016pt too wide) in paragraph at lines 202--202
\TU/TimesNewRoman(0)/m/n/12 mort- 
 []


Overfull \hbox (22.65234pt too wide) in paragraph at lines 202--202
\TU/TimesNewRoman(0)/m/n/12 gage 
 []


Overfull \hbox (21.32227pt too wide) in paragraph at lines 202--202
\TU/TimesNewRoman(0)/m/n/12 pay- 
 []


Overfull \hbox (31.99805pt too wide) in paragraph at lines 202--202
\TU/TimesNewRoman(0)/m/n/12 ments; 
 []


Overfull \hbox (21.32227pt too wide) in paragraph at lines 202--202
\TU/TimesNewRoman(0)/m/n/12 pen- 
 []


Overfull \hbox (20.0039pt too wide) in paragraph at lines 202--202
\TU/TimesNewRoman(0)/m/n/12 sion 
 []


Overfull \hbox (20.66016pt too wide) in paragraph at lines 202--202
\TU/TimesNewRoman(0)/m/n/12 falls 
 []


Overfull \hbox (29.32617pt too wide) in paragraph at lines 202--202
\TU/TimesNewRoman(0)/m/n/12 short”|  
 []

! Missing number, treated as zero.
<to be read again> 
                   (
l.202 ...tgage payments; pension falls short'' & D
                                                  elayed
A number should have been here; I inserted `0'.
(If you can't figure out why I needed to see a number,
look up `weird error' in the index to The TeXbook.)

! Illegal unit of measure (pt inserted).
<to be read again> 
                   (
l.202 ...tgage payments; pension falls short'' & D
                                                  elayed
Dimensions can be in units of em, ex, in, pt, pc,
cm, mm, dd, cc, bp, or sp; but yours is a new one!
I'll assume that you meant to say pt, for printer's points.
To recover gracefully from this error, it's best to
delete the erroneous units; e.g., type `2' to delete
two letters. (See Chapter 27 of The TeXbook.)

! Undefined control sequence.
<argument> (\linewidth - 4\tabcolsep ) * \real 
                                               {0.3333}
l.202 ...tgage payments; pension falls short'' & D
                                                  elayed
The control sequence at the end of the top line
of your error message was never \def'ed. If you have
misspelled it (e.g., `\hobx'), type `I' and the correct
spelling (e.g., `I\hbox'). Otherwise just continue,
and I'll forget about whatever was undefined.


Overfull \hbox (7.99219pt too wide) in paragraph at lines 202--204
[]\TU/TimesNewRoman(0)/m/n/12 () 
 []


Overfull \hbox (6.0pt too wide) in paragraph at lines 202--204
\TU/TimesNewRoman(0)/m/n/12 * 
 []


Overfull \hbox (50.98828pt too wide) in paragraph at lines 202--204
\TU/TimesNewRoman(0)/m/n/12 0.3333De- 
 []


Overfull \hbox (25.98633pt too wide) in paragraph at lines 202--204
\TU/TimesNewRoman(0)/m/n/12 layed 
 []


Overfull \hbox (15.9961pt too wide) in paragraph at lines 202--204
\TU/TimesNewRoman(0)/m/n/12 on- 
 []


Overfull \hbox (13.33008pt too wide) in paragraph at lines 202--204
\TU/TimesNewRoman(0)/m/n/12 set|  
 []

! Missing number, treated as zero.
<to be read again> 
                   (
l.204 P
       hysiological & ``Can't afford food'' & Last (unlikely in developed
A number should have been here; I inserted `0'.
(If you can't figure out why I needed to see a number,
look up `weird error' in the index to The TeXbook.)

! Illegal unit of measure (pt inserted).
<to be read again> 
                   (
l.204 P
       hysiological & ``Can't afford food'' & Last (unlikely in developed
Dimensions can be in units of em, ex, in, pt, pc,
cm, mm, dd, cc, bp, or sp; but yours is a new one!
I'll assume that you meant to say pt, for printer's points.
To recover gracefully from this error, it's best to
delete the erroneous units; e.g., type `2' to delete
two letters. (See Chapter 27 of The TeXbook.)

! Undefined control sequence.
<argument> (\linewidth - 4\tabcolsep ) * \real 
                                               {0.3333}
l.204 P
       hysiological & ``Can't afford food'' & Last (unlikely in developed
The control sequence at the end of the top line
of your error message was never \def'ed. If you have
misspelled it (e.g., `\hobx'), type `I' and the correct
spelling (e.g., `I\hbox'). Otherwise just continue,
and I'll forget about whatever was undefined.


Overfull \hbox (7.99219pt too wide) in paragraph at lines 204--204
[]\TU/TimesNewRoman(0)/m/n/12 () 
 []


Overfull \hbox (6.0pt too wide) in paragraph at lines 204--204
\TU/TimesNewRoman(0)/m/n/12 * 
 []


Overfull \hbox (60.33984pt too wide) in paragraph at lines 204--204
\TU/TimesNewRoman(0)/m/n/12 0.3333Phys- 
 []


Overfull \hbox (7.33008pt too wide) in paragraph at lines 204--204
\TU/TimesNewRoman(0)/m/n/12 i- 
 []


Overfull \hbox (9.9961pt too wide) in paragraph at lines 204--204
\TU/TimesNewRoman(0)/m/n/12 o- 
 []


Overfull \hbox (19.33008pt too wide) in paragraph at lines 204--204
\TU/TimesNewRoman(0)/m/n/12 log- 
 []


Overfull \hbox (7.33008pt too wide) in paragraph at lines 204--204
\TU/TimesNewRoman(0)/m/n/12 i- 
 []


Overfull \hbox (13.98633pt too wide) in paragraph at lines 204--204
\TU/TimesNewRoman(0)/m/n/12 cal|  
 []

! Missing number, treated as zero.
<to be read again> 
                   (
l.204 Physiological & `
                       `Can't afford food'' & Last (unlikely in developed
A number should have been here; I inserted `0'.
(If you can't figure out why I needed to see a number,
look up `weird error' in the index to The TeXbook.)

! Illegal unit of measure (pt inserted).
<to be read again> 
                   (
l.204 Physiological & `
                       `Can't afford food'' & Last (unlikely in developed
Dimensions can be in units of em, ex, in, pt, pc,
cm, mm, dd, cc, bp, or sp; but yours is a new one!
I'll assume that you meant to say pt, for printer's points.
To recover gracefully from this error, it's best to
delete the erroneous units; e.g., type `2' to delete
two letters. (See Chapter 27 of The TeXbook.)

! Undefined control sequence.
<argument> (\linewidth - 4\tabcolsep ) * \real 
                                               {0.3333}
l.204 Physiological & `
                       `Can't afford food'' & Last (unlikely in developed
The control sequence at the end of the top line
of your error message was never \def'ed. If you have
misspelled it (e.g., `\hobx'), type `I' and the correct
spelling (e.g., `I\hbox'). Otherwise just continue,
and I'll forget about whatever was undefined.


Overfull \hbox (7.99219pt too wide) in paragraph at lines 204--204
[]\TU/TimesNewRoman(0)/m/n/12 () 
 []


Overfull \hbox (6.0pt too wide) in paragraph at lines 204--204
\TU/TimesNewRoman(0)/m/n/12 * 
 []


Overfull \hbox (64.76953pt too wide) in paragraph at lines 204--204
\TU/TimesNewRoman(0)/m/n/12 0.3333“Can’t 
 []


Overfull \hbox (13.31836pt too wide) in paragraph at lines 204--204
\TU/TimesNewRoman(0)/m/n/12 af- 
 []


Overfull \hbox (19.99219pt too wide) in paragraph at lines 204--204
\TU/TimesNewRoman(0)/m/n/12 ford 
 []


Overfull \hbox (27.32227pt too wide) in paragraph at lines 204--204
\TU/TimesNewRoman(0)/m/n/12 food”|  
 []

! Missing number, treated as zero.
<to be read again> 
                   (
l.204 Physiological & ``Can't afford food'' & L
                                               ast (unlikely in developed
A number should have been here; I inserted `0'.
(If you can't figure out why I needed to see a number,
look up `weird error' in the index to The TeXbook.)

! Illegal unit of measure (pt inserted).
<to be read again> 
                   (
l.204 Physiological & ``Can't afford food'' & L
                                               ast (unlikely in developed
Dimensions can be in units of em, ex, in, pt, pc,
cm, mm, dd, cc, bp, or sp; but yours is a new one!
I'll assume that you meant to say pt, for printer's points.
To recover gracefully from this error, it's best to
delete the erroneous units; e.g., type `2' to delete
two letters. (See Chapter 27 of The TeXbook.)

! Undefined control sequence.
<argument> (\linewidth - 4\tabcolsep ) * \real 
                                               {0.3333}
l.204 Physiological & ``Can't afford food'' & L
                                               ast (unlikely in developed
The control sequence at the end of the top line
of your error message was never \def'ed. If you have
misspelled it (e.g., `\hobx'), type `I' and the correct
spelling (e.g., `I\hbox'). Otherwise just continue,
and I'll forget about whatever was undefined.


Overfull \hbox (7.99219pt too wide) in paragraph at lines 204--206
[]\TU/TimesNewRoman(0)/m/n/12 () 
 []


Overfull \hbox (6.0pt too wide) in paragraph at lines 204--206
\TU/TimesNewRoman(0)/m/n/12 * 
 []


Overfull \hbox (53.66016pt too wide) in paragraph at lines 204--206
\TU/TimesNewRoman(0)/m/n/12 0.3333Last 
 []


Overfull \hbox (19.99219pt too wide) in paragraph at lines 204--206
\TU/TimesNewRoman(0)/m/n/12 (un- 
 []


Overfull \hbox (27.32813pt too wide) in paragraph at lines 204--206
\TU/TimesNewRoman(0)/m/n/12 likely 
 []


Overfull \hbox (9.33398pt too wide) in paragraph at lines 204--206
\TU/TimesNewRoman(0)/m/n/12 in 
 []


Overfull \hbox (15.32227pt too wide) in paragraph at lines 204--206
\TU/TimesNewRoman(0)/m/n/12 de- 
 []


Overfull \hbox (18.65625pt too wide) in paragraph at lines 204--206
\TU/TimesNewRoman(0)/m/n/12 vel- 
 []


Overfull \hbox (23.32617pt too wide) in paragraph at lines 204--206
\TU/TimesNewRoman(0)/m/n/12 oped 
 []


Overfull \hbox (15.32227pt too wide) in paragraph at lines 204--206
\TU/TimesNewRoman(0)/m/n/12 na- 
 []


Overfull \hbox (27.33398pt too wide) in paragraph at lines 204--206
\TU/TimesNewRoman(0)/m/n/12 tions)|  
 []


Package hyperref Warning: Counter 'none' or the representation '\theHnone`
(hyperref)                don't exist. No target created. on input line 206.


ignored: Infinite glue shrinkage found in box being split

Package fancyhdr Warning: \headheight is too small (12.0pt): 
(fancyhdr)                Make it at least 13.59999pt, for example:
(fancyhdr)                \setlength{\headheight}{13.59999pt}.
(fancyhdr)                You might also make \topmargin smaller:
(fancyhdr)                \addtolength{\topmargin}{-1.59999pt}.

[7]
ignored: Infinite glue shrinkage found in box being split

Package fancyhdr Warning: \headheight is too small (12.0pt): 
(fancyhdr)                Make it at least 13.59999pt, for example:
(fancyhdr)                \setlength{\headheight}{13.59999pt}.
(fancyhdr)                You might also make \topmargin smaller:
(fancyhdr)                \addtolength{\topmargin}{-1.59999pt}.

[8]

Package fancyhdr Warning: \headheight is too small (12.0pt): 
(fancyhdr)                Make it at least 13.59999pt, for example:
(fancyhdr)                \setlength{\headheight}{13.59999pt}.
(fancyhdr)                You might also make \topmargin smaller:
(fancyhdr)                \addtolength{\topmargin}{-1.59999pt}.

[9]
Overfull \hbox (6.14456pt too wide) in paragraph at lines 282--289
\TU/TimesNewRoman(0)/m/n/12 British psychologist Richard Wiseman spent ten year
s tracking hundreds of self-described “lucky”
 []


Package fancyhdr Warning: \headheight is too small (12.0pt): 
(fancyhdr)                Make it at least 13.59999pt, for example:
(fancyhdr)                \setlength{\headheight}{13.59999pt}.
(fancyhdr)                You might also make \topmargin smaller:
(fancyhdr)                \addtolength{\topmargin}{-1.59999pt}.

[10]

Package fancyhdr Warning: \headheight is too small (12.0pt): 
(fancyhdr)                Make it at least 13.59999pt, for example:
(fancyhdr)                \setlength{\headheight}{13.59999pt}.
(fancyhdr)                You might also make \topmargin smaller:
(fancyhdr)                \addtolength{\topmargin}{-1.59999pt}.

[11]

Package fancyhdr Warning: \headheight is too small (12.0pt): 
(fancyhdr)                Make it at least 13.59999pt, for example:
(fancyhdr)                \setlength{\headheight}{13.59999pt}.
(fancyhdr)                You might also make \topmargin smaller:
(fancyhdr)                \addtolength{\topmargin}{-1.59999pt}.

[12]

Package fancyhdr Warning: \headheight is too small (12.0pt): 
(fancyhdr)                Make it at least 13.59999pt, for example:
(fancyhdr)                \setlength{\headheight}{13.59999pt}.
(fancyhdr)                You might also make \topmargin smaller:
(fancyhdr)                \addtolength{\topmargin}{-1.59999pt}.

[13]

Package fancyhdr Warning: \headheight is too small (12.0pt): 
(fancyhdr)                Make it at least 13.59999pt, for example:
(fancyhdr)                \setlength{\headheight}{13.59999pt}.
(fancyhdr)                You might also make \topmargin smaller:
(fancyhdr)                \addtolength{\topmargin}{-1.59999pt}.

[14]

Package fancyhdr Warning: \headheight is too small (12.0pt): 
(fancyhdr)                Make it at least 13.59999pt, for example:
(fancyhdr)                \setlength{\headheight}{13.59999pt}.
(fancyhdr)                You might also make \topmargin smaller:
(fancyhdr)                \addtolength{\topmargin}{-1.59999pt}.

[15]

Package fancyhdr Warning: \headheight is too small (12.0pt): 
(fancyhdr)                Make it at least 13.59999pt, for example:
(fancyhdr)                \setlength{\headheight}{13.59999pt}.
(fancyhdr)                You might also make \topmargin smaller:
(fancyhdr)                \addtolength{\topmargin}{-1.59999pt}.

[16]

Package fancyhdr Warning: \headheight is too small (12.0pt): 
(fancyhdr)                Make it at least 13.59999pt, for example:
(fancyhdr)                \setlength{\headheight}{13.59999pt}.
(fancyhdr)                You might also make \topmargin smaller:
(fancyhdr)                \addtolength{\topmargin}{-1.59999pt}.

[17]

Package fancyhdr Warning: \headheight is too small (12.0pt): 
(fancyhdr)                Make it at least 13.59999pt, for example:
(fancyhdr)                \setlength{\headheight}{13.59999pt}.
(fancyhdr)                You might also make \topmargin smaller:
(fancyhdr)                \addtolength{\topmargin}{-1.59999pt}.

[18]

Package fancyhdr Warning: \headheight is too small (12.0pt): 
(fancyhdr)                Make it at least 13.59999pt, for example:
(fancyhdr)                \setlength{\headheight}{13.59999pt}.
(fancyhdr)                You might also make \topmargin smaller:
(fancyhdr)                \addtolength{\topmargin}{-1.59999pt}.

[19]

Package fancyhdr Warning: \headheight is too small (12.0pt): 
(fancyhdr)                Make it at least 13.59999pt, for example:
(fancyhdr)                \setlength{\headheight}{13.59999pt}.
(fancyhdr)                You might also make \topmargin smaller:
(fancyhdr)                \addtolength{\topmargin}{-1.59999pt}.

[20]

Package fancyhdr Warning: \headheight is too small (12.0pt): 
(fancyhdr)                Make it at least 13.59999pt, for example:
(fancyhdr)                \setlength{\headheight}{13.59999pt}.
(fancyhdr)                You might also make \topmargin smaller:
(fancyhdr)                \addtolength{\topmargin}{-1.59999pt}.

[21]

Package fancyhdr Warning: \headheight is too small (12.0pt): 
(fancyhdr)                Make it at least 13.59999pt, for example:
(fancyhdr)                \setlength{\headheight}{13.59999pt}.
(fancyhdr)                You might also make \topmargin smaller:
(fancyhdr)                \addtolength{\topmargin}{-1.59999pt}.

[22]

Package fancyhdr Warning: \headheight is too small (12.0pt): 
(fancyhdr)                Make it at least 13.59999pt, for example:
(fancyhdr)                \setlength{\headheight}{13.59999pt}.
(fancyhdr)                You might also make \topmargin smaller:
(fancyhdr)                \addtolength{\topmargin}{-1.59999pt}.

[23]

Package fancyhdr Warning: \headheight is too small (12.0pt): 
(fancyhdr)                Make it at least 13.59999pt, for example:
(fancyhdr)                \setlength{\headheight}{13.59999pt}.
(fancyhdr)                You might also make \topmargin smaller:
(fancyhdr)                \addtolength{\topmargin}{-1.59999pt}.

[24]

Package fancyhdr Warning: \headheight is too small (12.0pt): 
(fancyhdr)                Make it at least 13.59999pt, for example:
(fancyhdr)                \setlength{\headheight}{13.59999pt}.
(fancyhdr)                You might also make \topmargin smaller:
(fancyhdr)                \addtolength{\topmargin}{-1.59999pt}.

[25]

Package fancyhdr Warning: \headheight is too small (12.0pt): 
(fancyhdr)                Make it at least 13.59999pt, for example:
(fancyhdr)                \setlength{\headheight}{13.59999pt}.
(fancyhdr)                You might also make \topmargin smaller:
(fancyhdr)                \addtolength{\topmargin}{-1.59999pt}.

[26]

Package fancyhdr Warning: \headheight is too small (12.0pt): 
(fancyhdr)                Make it at least 13.59999pt, for example:
(fancyhdr)                \setlength{\headheight}{13.59999pt}.
(fancyhdr)                You might also make \topmargin smaller:
(fancyhdr)                \addtolength{\topmargin}{-1.59999pt}.

[27])

Package fancyhdr Warning: \headheight is too small (12.0pt): 
(fancyhdr)                Make it at least 13.59999pt, for example:
(fancyhdr)                \setlength{\headheight}{13.59999pt}.
(fancyhdr)                You might also make \topmargin smaller:
(fancyhdr)                \addtolength{\topmargin}{-1.59999pt}.

[28]

Package fancyhdr Warning: \headheight is too small (12.0pt): 
(fancyhdr)                Make it at least 13.59999pt, for example:
(fancyhdr)                \setlength{\headheight}{13.59999pt}.
(fancyhdr)                You might also make \topmargin smaller:
(fancyhdr)                \addtolength{\topmargin}{-1.59999pt}.

[29] (./article-en.aux)
 ***********
LaTeX2e <2025-11-01>
L3 programming layer <2026-01-19>
 ***********


LaTeX Warning: Label(s) may have changed. Rerun to get cross-references right.

Package rerunfilecheck Info: File `article-en.out' has not changed.
(rerunfilecheck)             Checksum: 35B509636848B2EA4648707BA2BA0BA4;17142.
 ) 
Here is how much of TeX's memory you used:
 23008 strings out of 468168
 476365 string characters out of 5432815
 938686 words of memory out of 5000000
 51338 multiletter control sequences out of 15000+600000
 631193 words of font info for 97 fonts, out of 8000000 for 9000
 1348 hyphenation exceptions out of 8191
 84i,13n,94p,580b,516s stack positions out of 10000i,1000n,20000p,200000b,200000s

Output written on article-en.pdf (30 pages).
